==46381== Memcheck, a memory error detector
==46381== Copyright (C) 2002-2017, and GNU GPL'd, by Julian Seward et al.
==46381== Using Valgrind-3.17.0 and LibVEX; rerun with -h for copyright info
==46381== Command: ./build/route_test.out
==46381== Parent PID: 46239
==46381== 
==46381== Conditional jump or move depends on uninitialised value(s)
==46381==    at 0x52769B6: free (vg_replace_malloc.c:755)
==46381==    by 0x4225E2: ptable_free (ptable.c:352)
==46381==    by 0x404C58: fox_list_show (test_list.c:48)
==46381==    by 0x404E20: test_list (test_list.c:79)
==46381==    by 0x6C093AE: cmocka_run_one_test_or_fixture (cmocka.c:2615)
==46381==    by 0x6C0965E: cmocka_run_one_tests (cmocka.c:2723)
==46381==    by 0x6C09A83: _cmocka_run_group_tests (cmocka.c:2838)
==46381==    by 0x40715A: main (main.c:57)
==46381==  Uninitialised value was created by a heap allocation
==46381==    at 0x5273FBF: malloc (vg_replace_malloc.c:379)
==46381==    by 0x5279062: realloc (vg_replace_malloc.c:1192)
==46381==    by 0x421E53: ptable_add (ptable.c:222)
==46381==    by 0x404C0B: fox_list_show (test_list.c:46)
==46381==    by 0x404E20: test_list (test_list.c:79)
==46381==    by 0x6C093AE: cmocka_run_one_test_or_fixture (cmocka.c:2615)
==46381==    by 0x6C0965E: cmocka_run_one_tests (cmocka.c:2723)
==46381==    by 0x6C09A83: _cmocka_run_group_tests (cmocka.c:2838)
==46381==    by 0x40715A: main (main.c:57)
==46381== 
==46381== Conditional jump or move depends on uninitialised value(s)
==46381==    at 0x52769B6: free (vg_replace_malloc.c:755)
==46381==    by 0x4225E2: ptable_free (ptable.c:352)
==46381==    by 0x404C58: fox_list_show (test_list.c:48)
==46381==    by 0x404E9B: test_list (test_list.c:84)
==46381==    by 0x6C093AE: cmocka_run_one_test_or_fixture (cmocka.c:2615)
==46381==    by 0x6C0965E: cmocka_run_one_tests (cmocka.c:2723)
==46381==    by 0x6C09A83: _cmocka_run_group_tests (cmocka.c:2838)
==46381==    by 0x40715A: main (main.c:57)
==46381==  Uninitialised value was created by a heap allocation
==46381==    at 0x5273FBF: malloc (vg_replace_malloc.c:379)
==46381==    by 0x5279062: realloc (vg_replace_malloc.c:1192)
==46381==    by 0x421E53: ptable_add (ptable.c:222)
==46381==    by 0x404C0B: fox_list_show (test_list.c:46)
==46381==    by 0x404E9B: test_list (test_list.c:84)
==46381==    by 0x6C093AE: cmocka_run_one_test_or_fixture (cmocka.c:2615)
==46381==    by 0x6C0965E: cmocka_run_one_tests (cmocka.c:2723)
==46381==    by 0x6C09A83: _cmocka_run_group_tests (cmocka.c:2838)
==46381==    by 0x40715A: main (main.c:57)
==46381== 
==46381== 
==46381== HEAP SUMMARY:
==46381==     in use at exit: 736 bytes in 10 blocks
==46381==   total heap usage: 68 allocs, 58 frees, 4,080 bytes allocated
==46381== 
==46381== 24 bytes in 1 blocks are definitely lost in loss record 2 of 10
==46381==    at 0x52740A5: malloc (vg_replace_malloc.c:380)
==46381==    by 0x42217E: ptable_print (ptable.c:273)
==46381==    by 0x404C4C: fox_list_show (test_list.c:47)
==46381==    by 0x404D24: test_list (test_list.c:67)
==46381==    by 0x6C093AE: cmocka_run_one_test_or_fixture (cmocka.c:2615)
==46381==    by 0x6C0965E: cmocka_run_one_tests (cmocka.c:2723)
==46381==    by 0x6C09A83: _cmocka_run_group_tests (cmocka.c:2838)
==46381==    by 0x40715A: main (main.c:57)
==46381== 
==46381== 24 bytes in 1 blocks are definitely lost in loss record 3 of 10
==46381==    at 0x52740A5: malloc (vg_replace_malloc.c:380)
==46381==    by 0x4221A6: ptable_print (ptable.c:278)
==46381==    by 0x404C4C: fox_list_show (test_list.c:47)
==46381==    by 0x404D24: test_list (test_list.c:67)
==46381==    by 0x6C093AE: cmocka_run_one_test_or_fixture (cmocka.c:2615)
==46381==    by 0x6C0965E: cmocka_run_one_tests (cmocka.c:2723)
==46381==    by 0x6C09A83: _cmocka_run_group_tests (cmocka.c:2838)
==46381==    by 0x40715A: main (main.c:57)
==46381== 
==46381== 24 bytes in 1 blocks are definitely lost in loss record 4 of 10
==46381==    at 0x52740A5: malloc (vg_replace_malloc.c:380)
==46381==    by 0x42217E: ptable_print (ptable.c:273)
==46381==    by 0x404C4C: fox_list_show (test_list.c:47)
==46381==    by 0x404E20: test_list (test_list.c:79)
==46381==    by 0x6C093AE: cmocka_run_one_test_or_fixture (cmocka.c:2615)
==46381==    by 0x6C0965E: cmocka_run_one_tests (cmocka.c:2723)
==46381==    by 0x6C09A83: _cmocka_run_group_tests (cmocka.c:2838)
==46381==    by 0x40715A: main (main.c:57)
==46381== 
==46381== 24 bytes in 1 blocks are definitely lost in loss record 5 of 10
==46381==    at 0x52740A5: malloc (vg_replace_malloc.c:380)
==46381==    by 0x4221A6: ptable_print (ptable.c:278)
==46381==    by 0x404C4C: fox_list_show (test_list.c:47)
==46381==    by 0x404E20: test_list (test_list.c:79)
==46381==    by 0x6C093AE: cmocka_run_one_test_or_fixture (cmocka.c:2615)
==46381==    by 0x6C0965E: cmocka_run_one_tests (cmocka.c:2723)
==46381==    by 0x6C09A83: _cmocka_run_group_tests (cmocka.c:2838)
==46381==    by 0x40715A: main (main.c:57)
==46381== 
==46381== 24 bytes in 1 blocks are definitely lost in loss record 6 of 10
==46381==    at 0x52740A5: malloc (vg_replace_malloc.c:380)
==46381==    by 0x42217E: ptable_print (ptable.c:273)
==46381==    by 0x404C4C: fox_list_show (test_list.c:47)
==46381==    by 0x404E9B: test_list (test_list.c:84)
==46381==    by 0x6C093AE: cmocka_run_one_test_or_fixture (cmocka.c:2615)
==46381==    by 0x6C0965E: cmocka_run_one_tests (cmocka.c:2723)
==46381==    by 0x6C09A83: _cmocka_run_group_tests (cmocka.c:2838)
==46381==    by 0x40715A: main (main.c:57)
==46381== 
==46381== 24 bytes in 1 blocks are definitely lost in loss record 7 of 10
==46381==    at 0x52740A5: malloc (vg_replace_malloc.c:380)
==46381==    by 0x4221A6: ptable_print (ptable.c:278)
==46381==    by 0x404C4C: fox_list_show (test_list.c:47)
==46381==    by 0x404E9B: test_list (test_list.c:84)
==46381==    by 0x6C093AE: cmocka_run_one_test_or_fixture (cmocka.c:2615)
==46381==    by 0x6C0965E: cmocka_run_one_tests (cmocka.c:2723)
==46381==    by 0x6C09A83: _cmocka_run_group_tests (cmocka.c:2838)
==46381==    by 0x40715A: main (main.c:57)
==46381== 
==46381== 80 (40 direct, 40 indirect) bytes in 1 blocks are definitely lost in loss record 9 of 10
==46381==    at 0x5278DBB: calloc (vg_replace_malloc.c:1117)
==46381==    by 0x404AF7: fox_new (test_list.c:24)
==46381==    by 0x404CCE: test_list (test_list.c:63)
==46381==    by 0x6C093AE: cmocka_run_one_test_or_fixture (cmocka.c:2615)
==46381==    by 0x6C0965E: cmocka_run_one_tests (cmocka.c:2723)
==46381==    by 0x6C09A83: _cmocka_run_group_tests (cmocka.c:2838)
==46381==    by 0x40715A: main (main.c:57)
==46381== 
==46381== LEAK SUMMARY:
==46381==    definitely lost: 184 bytes in 7 blocks
==46381==    indirectly lost: 40 bytes in 1 blocks
==46381==      possibly lost: 0 bytes in 0 blocks
==46381==    still reachable: 512 bytes in 2 blocks
==46381==         suppressed: 0 bytes in 0 blocks
==46381== Reachable blocks (those to which a pointer was found) are not shown.
==46381== To see them, rerun with: --leak-check=full --show-leak-kinds=all
==46381== 
==46381== For lists of detected and suppressed errors, rerun with: -s
==46381== ERROR SUMMARY: 10 errors from 9 contexts (suppressed: 0 from 0)
