The system is: Linux - 4.18.0-147.el8.x86_64 - x86_64
Compiling the C compiler identification source file "CMakeCCompilerId.c" succeeded.
Compiler: /bin/cc 
Build flags: 
Id flags:  

The output was:
0


Compilation of the C compiler identification source "CMakeCCompilerId.c" produced "a.out"

The C compiler identification is GNU, found in "/home/liyj/code/YJC/lib/cmocka-1.1.0/build/CMakeFiles/3.20.2/CompilerIdC/a.out"

Detecting C compiler ABI info compiled with the following output:
Change Dir: /home/liyj/code/YJC/lib/cmocka-1.1.0/build/CMakeFiles/CMakeTmp

Run Build Command(s):/bin/gmake -f Makefile cmTC_2eb74/fast && /bin/gmake  -f CMakeFiles/cmTC_2eb74.dir/build.make CMakeFiles/cmTC_2eb74.dir/build
gmake[1]: Entering directory '/home/liyj/code/YJC/lib/cmocka-1.1.0/build/CMakeFiles/CMakeTmp'
Building C object CMakeFiles/cmTC_2eb74.dir/CMakeCCompilerABI.c.o
/bin/cc   -v -o CMakeFiles/cmTC_2eb74.dir/CMakeCCompilerABI.c.o -c /usr/share/cmake/Modules/CMakeCCompilerABI.c
Using built-in specs.
COLLECT_GCC=/bin/cc
OFFLOAD_TARGET_NAMES=nvptx-none
OFFLOAD_TARGET_DEFAULT=1
Target: x86_64-redhat-linux
Configured with: ../configure --enable-bootstrap --enable-languages=c,c++,fortran,lto --prefix=/usr --mandir=/usr/share/man --infodir=/usr/share/info --with-bugurl=http://bugzilla.redhat.com/bugzilla --enable-shared --enable-threads=posix --enable-checking=release --enable-multilib --with-system-zlib --enable-__cxa_atexit --disable-libunwind-exceptions --enable-gnu-unique-object --enable-linker-build-id --with-gcc-major-version-only --with-linker-hash-style=gnu --enable-plugin --enable-initfini-array --with-isl --disable-libmpx --enable-offload-targets=nvptx-none --without-cuda-driver --enable-gnu-indirect-function --enable-cet --with-tune=generic --with-arch_32=x86-64 --build=x86_64-redhat-linux
Thread model: posix
gcc version 8.3.1 20190507 (Red Hat 8.3.1-4) (GCC) 
COLLECT_GCC_OPTIONS='-v' '-o' 'CMakeFiles/cmTC_2eb74.dir/CMakeCCompilerABI.c.o' '-c' '-mtune=generic' '-march=x86-64'
 /usr/libexec/gcc/x86_64-redhat-linux/8/cc1 -quiet -v /usr/share/cmake/Modules/CMakeCCompilerABI.c -quiet -dumpbase CMakeCCompilerABI.c -mtune=generic -march=x86-64 -auxbase-strip CMakeFiles/cmTC_2eb74.dir/CMakeCCompilerABI.c.o -version -o /tmp/ccdFBC6y.s
GNU C17 (GCC) version 8.3.1 20190507 (Red Hat 8.3.1-4) (x86_64-redhat-linux)
	compiled by GNU C version 8.3.1 20190507 (Red Hat 8.3.1-4), GMP version 6.1.2, MPFR version 3.1.6-p2, MPC version 1.0.2, isl version isl-0.16.1-GMP

GGC heuristics: --param ggc-min-expand=100 --param ggc-min-heapsize=131072
ignoring nonexistent directory "/usr/lib/gcc/x86_64-redhat-linux/8/include-fixed"
ignoring nonexistent directory "/usr/lib/gcc/x86_64-redhat-linux/8/../../../../x86_64-redhat-linux/include"
#include "..." search starts here:
#include <...> search starts here:
 /usr/lib/gcc/x86_64-redhat-linux/8/include
 /usr/local/include
 /usr/include
End of search list.
GNU C17 (GCC) version 8.3.1 20190507 (Red Hat 8.3.1-4) (x86_64-redhat-linux)
	compiled by GNU C version 8.3.1 20190507 (Red Hat 8.3.1-4), GMP version 6.1.2, MPFR version 3.1.6-p2, MPC version 1.0.2, isl version isl-0.16.1-GMP

GGC heuristics: --param ggc-min-expand=100 --param ggc-min-heapsize=131072
Compiler executable checksum: 6ddc69fb11f7ecd0fffa2bc5451685f7
COLLECT_GCC_OPTIONS='-v' '-o' 'CMakeFiles/cmTC_2eb74.dir/CMakeCCompilerABI.c.o' '-c' '-mtune=generic' '-march=x86-64'
 as -v --64 -o CMakeFiles/cmTC_2eb74.dir/CMakeCCompilerABI.c.o /tmp/ccdFBC6y.s
GNU assembler version 2.30 (x86_64-redhat-linux) using BFD version version 2.30-58.el8
COMPILER_PATH=/usr/libexec/gcc/x86_64-redhat-linux/8/:/usr/libexec/gcc/x86_64-redhat-linux/8/:/usr/libexec/gcc/x86_64-redhat-linux/:/usr/lib/gcc/x86_64-redhat-linux/8/:/usr/lib/gcc/x86_64-redhat-linux/
LIBRARY_PATH=/usr/lib/gcc/x86_64-redhat-linux/8/:/usr/lib/gcc/x86_64-redhat-linux/8/../../../../lib64/:/lib/../lib64/:/usr/lib/../lib64/:/usr/lib/gcc/x86_64-redhat-linux/8/../../../:/lib/:/usr/lib/
COLLECT_GCC_OPTIONS='-v' '-o' 'CMakeFiles/cmTC_2eb74.dir/CMakeCCompilerABI.c.o' '-c' '-mtune=generic' '-march=x86-64'
Linking C executable cmTC_2eb74
/usr/bin/cmake -E cmake_link_script CMakeFiles/cmTC_2eb74.dir/link.txt --verbose=1
/bin/cc  -v -rdynamic CMakeFiles/cmTC_2eb74.dir/CMakeCCompilerABI.c.o -o cmTC_2eb74 
Using built-in specs.
COLLECT_GCC=/bin/cc
COLLECT_LTO_WRAPPER=/usr/libexec/gcc/x86_64-redhat-linux/8/lto-wrapper
OFFLOAD_TARGET_NAMES=nvptx-none
OFFLOAD_TARGET_DEFAULT=1
Target: x86_64-redhat-linux
Configured with: ../configure --enable-bootstrap --enable-languages=c,c++,fortran,lto --prefix=/usr --mandir=/usr/share/man --infodir=/usr/share/info --with-bugurl=http://bugzilla.redhat.com/bugzilla --enable-shared --enable-threads=posix --enable-checking=release --enable-multilib --with-system-zlib --enable-__cxa_atexit --disable-libunwind-exceptions --enable-gnu-unique-object --enable-linker-build-id --with-gcc-major-version-only --with-linker-hash-style=gnu --enable-plugin --enable-initfini-array --with-isl --disable-libmpx --enable-offload-targets=nvptx-none --without-cuda-driver --enable-gnu-indirect-function --enable-cet --with-tune=generic --with-arch_32=x86-64 --build=x86_64-redhat-linux
Thread model: posix
gcc version 8.3.1 20190507 (Red Hat 8.3.1-4) (GCC) 
COMPILER_PATH=/usr/libexec/gcc/x86_64-redhat-linux/8/:/usr/libexec/gcc/x86_64-redhat-linux/8/:/usr/libexec/gcc/x86_64-redhat-linux/:/usr/lib/gcc/x86_64-redhat-linux/8/:/usr/lib/gcc/x86_64-redhat-linux/
LIBRARY_PATH=/usr/lib/gcc/x86_64-redhat-linux/8/:/usr/lib/gcc/x86_64-redhat-linux/8/../../../../lib64/:/lib/../lib64/:/usr/lib/../lib64/:/usr/lib/gcc/x86_64-redhat-linux/8/../../../:/lib/:/usr/lib/
COLLECT_GCC_OPTIONS='-v' '-rdynamic' '-o' 'cmTC_2eb74' '-mtune=generic' '-march=x86-64'
 /usr/libexec/gcc/x86_64-redhat-linux/8/collect2 -plugin /usr/libexec/gcc/x86_64-redhat-linux/8/liblto_plugin.so -plugin-opt=/usr/libexec/gcc/x86_64-redhat-linux/8/lto-wrapper -plugin-opt=-fresolution=/tmp/ccc9HNkD.res -plugin-opt=-pass-through=-lgcc -plugin-opt=-pass-through=-lgcc_s -plugin-opt=-pass-through=-lc -plugin-opt=-pass-through=-lgcc -plugin-opt=-pass-through=-lgcc_s --build-id --no-add-needed --eh-frame-hdr --hash-style=gnu -m elf_x86_64 -export-dynamic -dynamic-linker /lib64/ld-linux-x86-64.so.2 -o cmTC_2eb74 /usr/lib/gcc/x86_64-redhat-linux/8/../../../../lib64/crt1.o /usr/lib/gcc/x86_64-redhat-linux/8/../../../../lib64/crti.o /usr/lib/gcc/x86_64-redhat-linux/8/crtbegin.o -L/usr/lib/gcc/x86_64-redhat-linux/8 -L/usr/lib/gcc/x86_64-redhat-linux/8/../../../../lib64 -L/lib/../lib64 -L/usr/lib/../lib64 -L/usr/lib/gcc/x86_64-redhat-linux/8/../../.. CMakeFiles/cmTC_2eb74.dir/CMakeCCompilerABI.c.o -lgcc --as-needed -lgcc_s --no-as-needed -lc -lgcc --as-needed -lgcc_s --no-as-needed /usr/lib/gcc/x86_64-redhat-linux/8/crtend.o /usr/lib/gcc/x86_64-redhat-linux/8/../../../../lib64/crtn.o
COLLECT_GCC_OPTIONS='-v' '-rdynamic' '-o' 'cmTC_2eb74' '-mtune=generic' '-march=x86-64'
gmake[1]: Leaving directory '/home/liyj/code/YJC/lib/cmocka-1.1.0/build/CMakeFiles/CMakeTmp'



Parsed C implicit include dir info from above output: rv=done
  found start of include info
  found start of implicit include info
    add: [/usr/lib/gcc/x86_64-redhat-linux/8/include]
    add: [/usr/local/include]
    add: [/usr/include]
  end of search list found
  collapse include dir [/usr/lib/gcc/x86_64-redhat-linux/8/include] ==> [/usr/lib/gcc/x86_64-redhat-linux/8/include]
  collapse include dir [/usr/local/include] ==> [/usr/local/include]
  collapse include dir [/usr/include] ==> [/usr/include]
  implicit include dirs: [/usr/lib/gcc/x86_64-redhat-linux/8/include;/usr/local/include;/usr/include]


Parsed C implicit link information from above output:
  link line regex: [^( *|.*[/\])(ld|CMAKE_LINK_STARTFILE-NOTFOUND|([^/\]+-)?ld|collect2)[^/\]*( |$)]
  ignore line: [Change Dir: /home/liyj/code/YJC/lib/cmocka-1.1.0/build/CMakeFiles/CMakeTmp]
  ignore line: []
  ignore line: [Run Build Command(s):/bin/gmake -f Makefile cmTC_2eb74/fast && /bin/gmake  -f CMakeFiles/cmTC_2eb74.dir/build.make CMakeFiles/cmTC_2eb74.dir/build]
  ignore line: [gmake[1]: Entering directory '/home/liyj/code/YJC/lib/cmocka-1.1.0/build/CMakeFiles/CMakeTmp']
  ignore line: [Building C object CMakeFiles/cmTC_2eb74.dir/CMakeCCompilerABI.c.o]
  ignore line: [/bin/cc   -v -o CMakeFiles/cmTC_2eb74.dir/CMakeCCompilerABI.c.o -c /usr/share/cmake/Modules/CMakeCCompilerABI.c]
  ignore line: [Using built-in specs.]
  ignore line: [COLLECT_GCC=/bin/cc]
  ignore line: [OFFLOAD_TARGET_NAMES=nvptx-none]
  ignore line: [OFFLOAD_TARGET_DEFAULT=1]
  ignore line: [Target: x86_64-redhat-linux]
  ignore line: [Configured with: ../configure --enable-bootstrap --enable-languages=c c++ fortran lto --prefix=/usr --mandir=/usr/share/man --infodir=/usr/share/info --with-bugurl=http://bugzilla.redhat.com/bugzilla --enable-shared --enable-threads=posix --enable-checking=release --enable-multilib --with-system-zlib --enable-__cxa_atexit --disable-libunwind-exceptions --enable-gnu-unique-object --enable-linker-build-id --with-gcc-major-version-only --with-linker-hash-style=gnu --enable-plugin --enable-initfini-array --with-isl --disable-libmpx --enable-offload-targets=nvptx-none --without-cuda-driver --enable-gnu-indirect-function --enable-cet --with-tune=generic --with-arch_32=x86-64 --build=x86_64-redhat-linux]
  ignore line: [Thread model: posix]
  ignore line: [gcc version 8.3.1 20190507 (Red Hat 8.3.1-4) (GCC) ]
  ignore line: [COLLECT_GCC_OPTIONS='-v' '-o' 'CMakeFiles/cmTC_2eb74.dir/CMakeCCompilerABI.c.o' '-c' '-mtune=generic' '-march=x86-64']
  ignore line: [ /usr/libexec/gcc/x86_64-redhat-linux/8/cc1 -quiet -v /usr/share/cmake/Modules/CMakeCCompilerABI.c -quiet -dumpbase CMakeCCompilerABI.c -mtune=generic -march=x86-64 -auxbase-strip CMakeFiles/cmTC_2eb74.dir/CMakeCCompilerABI.c.o -version -o /tmp/ccdFBC6y.s]
  ignore line: [GNU C17 (GCC) version 8.3.1 20190507 (Red Hat 8.3.1-4) (x86_64-redhat-linux)]
  ignore line: [	compiled by GNU C version 8.3.1 20190507 (Red Hat 8.3.1-4)  GMP version 6.1.2  MPFR version 3.1.6-p2  MPC version 1.0.2  isl version isl-0.16.1-GMP]
  ignore line: []
  ignore line: [GGC heuristics: --param ggc-min-expand=100 --param ggc-min-heapsize=131072]
  ignore line: [ignoring nonexistent directory "/usr/lib/gcc/x86_64-redhat-linux/8/include-fixed"]
  ignore line: [ignoring nonexistent directory "/usr/lib/gcc/x86_64-redhat-linux/8/../../../../x86_64-redhat-linux/include"]
  ignore line: [#include "..." search starts here:]
  ignore line: [#include <...> search starts here:]
  ignore line: [ /usr/lib/gcc/x86_64-redhat-linux/8/include]
  ignore line: [ /usr/local/include]
  ignore line: [ /usr/include]
  ignore line: [End of search list.]
  ignore line: [GNU C17 (GCC) version 8.3.1 20190507 (Red Hat 8.3.1-4) (x86_64-redhat-linux)]
  ignore line: [	compiled by GNU C version 8.3.1 20190507 (Red Hat 8.3.1-4)  GMP version 6.1.2  MPFR version 3.1.6-p2  MPC version 1.0.2  isl version isl-0.16.1-GMP]
  ignore line: []
  ignore line: [GGC heuristics: --param ggc-min-expand=100 --param ggc-min-heapsize=131072]
  ignore line: [Compiler executable checksum: 6ddc69fb11f7ecd0fffa2bc5451685f7]
  ignore line: [COLLECT_GCC_OPTIONS='-v' '-o' 'CMakeFiles/cmTC_2eb74.dir/CMakeCCompilerABI.c.o' '-c' '-mtune=generic' '-march=x86-64']
  ignore line: [ as -v --64 -o CMakeFiles/cmTC_2eb74.dir/CMakeCCompilerABI.c.o /tmp/ccdFBC6y.s]
  ignore line: [GNU assembler version 2.30 (x86_64-redhat-linux) using BFD version version 2.30-58.el8]
  ignore line: [COMPILER_PATH=/usr/libexec/gcc/x86_64-redhat-linux/8/:/usr/libexec/gcc/x86_64-redhat-linux/8/:/usr/libexec/gcc/x86_64-redhat-linux/:/usr/lib/gcc/x86_64-redhat-linux/8/:/usr/lib/gcc/x86_64-redhat-linux/]
  ignore line: [LIBRARY_PATH=/usr/lib/gcc/x86_64-redhat-linux/8/:/usr/lib/gcc/x86_64-redhat-linux/8/../../../../lib64/:/lib/../lib64/:/usr/lib/../lib64/:/usr/lib/gcc/x86_64-redhat-linux/8/../../../:/lib/:/usr/lib/]
  ignore line: [COLLECT_GCC_OPTIONS='-v' '-o' 'CMakeFiles/cmTC_2eb74.dir/CMakeCCompilerABI.c.o' '-c' '-mtune=generic' '-march=x86-64']
  ignore line: [Linking C executable cmTC_2eb74]
  ignore line: [/usr/bin/cmake -E cmake_link_script CMakeFiles/cmTC_2eb74.dir/link.txt --verbose=1]
  ignore line: [/bin/cc  -v -rdynamic CMakeFiles/cmTC_2eb74.dir/CMakeCCompilerABI.c.o -o cmTC_2eb74 ]
  ignore line: [Using built-in specs.]
  ignore line: [COLLECT_GCC=/bin/cc]
  ignore line: [COLLECT_LTO_WRAPPER=/usr/libexec/gcc/x86_64-redhat-linux/8/lto-wrapper]
  ignore line: [OFFLOAD_TARGET_NAMES=nvptx-none]
  ignore line: [OFFLOAD_TARGET_DEFAULT=1]
  ignore line: [Target: x86_64-redhat-linux]
  ignore line: [Configured with: ../configure --enable-bootstrap --enable-languages=c c++ fortran lto --prefix=/usr --mandir=/usr/share/man --infodir=/usr/share/info --with-bugurl=http://bugzilla.redhat.com/bugzilla --enable-shared --enable-threads=posix --enable-checking=release --enable-multilib --with-system-zlib --enable-__cxa_atexit --disable-libunwind-exceptions --enable-gnu-unique-object --enable-linker-build-id --with-gcc-major-version-only --with-linker-hash-style=gnu --enable-plugin --enable-initfini-array --with-isl --disable-libmpx --enable-offload-targets=nvptx-none --without-cuda-driver --enable-gnu-indirect-function --enable-cet --with-tune=generic --with-arch_32=x86-64 --build=x86_64-redhat-linux]
  ignore line: [Thread model: posix]
  ignore line: [gcc version 8.3.1 20190507 (Red Hat 8.3.1-4) (GCC) ]
  ignore line: [COMPILER_PATH=/usr/libexec/gcc/x86_64-redhat-linux/8/:/usr/libexec/gcc/x86_64-redhat-linux/8/:/usr/libexec/gcc/x86_64-redhat-linux/:/usr/lib/gcc/x86_64-redhat-linux/8/:/usr/lib/gcc/x86_64-redhat-linux/]
  ignore line: [LIBRARY_PATH=/usr/lib/gcc/x86_64-redhat-linux/8/:/usr/lib/gcc/x86_64-redhat-linux/8/../../../../lib64/:/lib/../lib64/:/usr/lib/../lib64/:/usr/lib/gcc/x86_64-redhat-linux/8/../../../:/lib/:/usr/lib/]
  ignore line: [COLLECT_GCC_OPTIONS='-v' '-rdynamic' '-o' 'cmTC_2eb74' '-mtune=generic' '-march=x86-64']
  link line: [ /usr/libexec/gcc/x86_64-redhat-linux/8/collect2 -plugin /usr/libexec/gcc/x86_64-redhat-linux/8/liblto_plugin.so -plugin-opt=/usr/libexec/gcc/x86_64-redhat-linux/8/lto-wrapper -plugin-opt=-fresolution=/tmp/ccc9HNkD.res -plugin-opt=-pass-through=-lgcc -plugin-opt=-pass-through=-lgcc_s -plugin-opt=-pass-through=-lc -plugin-opt=-pass-through=-lgcc -plugin-opt=-pass-through=-lgcc_s --build-id --no-add-needed --eh-frame-hdr --hash-style=gnu -m elf_x86_64 -export-dynamic -dynamic-linker /lib64/ld-linux-x86-64.so.2 -o cmTC_2eb74 /usr/lib/gcc/x86_64-redhat-linux/8/../../../../lib64/crt1.o /usr/lib/gcc/x86_64-redhat-linux/8/../../../../lib64/crti.o /usr/lib/gcc/x86_64-redhat-linux/8/crtbegin.o -L/usr/lib/gcc/x86_64-redhat-linux/8 -L/usr/lib/gcc/x86_64-redhat-linux/8/../../../../lib64 -L/lib/../lib64 -L/usr/lib/../lib64 -L/usr/lib/gcc/x86_64-redhat-linux/8/../../.. CMakeFiles/cmTC_2eb74.dir/CMakeCCompilerABI.c.o -lgcc --as-needed -lgcc_s --no-as-needed -lc -lgcc --as-needed -lgcc_s --no-as-needed /usr/lib/gcc/x86_64-redhat-linux/8/crtend.o /usr/lib/gcc/x86_64-redhat-linux/8/../../../../lib64/crtn.o]
    arg [/usr/libexec/gcc/x86_64-redhat-linux/8/collect2] ==> ignore
    arg [-plugin] ==> ignore
    arg [/usr/libexec/gcc/x86_64-redhat-linux/8/liblto_plugin.so] ==> ignore
    arg [-plugin-opt=/usr/libexec/gcc/x86_64-redhat-linux/8/lto-wrapper] ==> ignore
    arg [-plugin-opt=-fresolution=/tmp/ccc9HNkD.res] ==> ignore
    arg [-plugin-opt=-pass-through=-lgcc] ==> ignore
    arg [-plugin-opt=-pass-through=-lgcc_s] ==> ignore
    arg [-plugin-opt=-pass-through=-lc] ==> ignore
    arg [-plugin-opt=-pass-through=-lgcc] ==> ignore
    arg [-plugin-opt=-pass-through=-lgcc_s] ==> ignore
    arg [--build-id] ==> ignore
    arg [--no-add-needed] ==> ignore
    arg [--eh-frame-hdr] ==> ignore
    arg [--hash-style=gnu] ==> ignore
    arg [-m] ==> ignore
    arg [elf_x86_64] ==> ignore
    arg [-export-dynamic] ==> ignore
    arg [-dynamic-linker] ==> ignore
    arg [/lib64/ld-linux-x86-64.so.2] ==> ignore
    arg [-o] ==> ignore
    arg [cmTC_2eb74] ==> ignore
    arg [/usr/lib/gcc/x86_64-redhat-linux/8/../../../../lib64/crt1.o] ==> obj [/usr/lib/gcc/x86_64-redhat-linux/8/../../../../lib64/crt1.o]
    arg [/usr/lib/gcc/x86_64-redhat-linux/8/../../../../lib64/crti.o] ==> obj [/usr/lib/gcc/x86_64-redhat-linux/8/../../../../lib64/crti.o]
    arg [/usr/lib/gcc/x86_64-redhat-linux/8/crtbegin.o] ==> obj [/usr/lib/gcc/x86_64-redhat-linux/8/crtbegin.o]
    arg [-L/usr/lib/gcc/x86_64-redhat-linux/8] ==> dir [/usr/lib/gcc/x86_64-redhat-linux/8]
    arg [-L/usr/lib/gcc/x86_64-redhat-linux/8/../../../../lib64] ==> dir [/usr/lib/gcc/x86_64-redhat-linux/8/../../../../lib64]
    arg [-L/lib/../lib64] ==> dir [/lib/../lib64]
    arg [-L/usr/lib/../lib64] ==> dir [/usr/lib/../lib64]
    arg [-L/usr/lib/gcc/x86_64-redhat-linux/8/../../..] ==> dir [/usr/lib/gcc/x86_64-redhat-linux/8/../../..]
    arg [CMakeFiles/cmTC_2eb74.dir/CMakeCCompilerABI.c.o] ==> ignore
    arg [-lgcc] ==> lib [gcc]
    arg [--as-needed] ==> ignore
    arg [-lgcc_s] ==> lib [gcc_s]
    arg [--no-as-needed] ==> ignore
    arg [-lc] ==> lib [c]
    arg [-lgcc] ==> lib [gcc]
    arg [--as-needed] ==> ignore
    arg [-lgcc_s] ==> lib [gcc_s]
    arg [--no-as-needed] ==> ignore
    arg [/usr/lib/gcc/x86_64-redhat-linux/8/crtend.o] ==> obj [/usr/lib/gcc/x86_64-redhat-linux/8/crtend.o]
    arg [/usr/lib/gcc/x86_64-redhat-linux/8/../../../../lib64/crtn.o] ==> obj [/usr/lib/gcc/x86_64-redhat-linux/8/../../../../lib64/crtn.o]
  collapse obj [/usr/lib/gcc/x86_64-redhat-linux/8/../../../../lib64/crt1.o] ==> [/usr/lib64/crt1.o]
  collapse obj [/usr/lib/gcc/x86_64-redhat-linux/8/../../../../lib64/crti.o] ==> [/usr/lib64/crti.o]
  collapse obj [/usr/lib/gcc/x86_64-redhat-linux/8/../../../../lib64/crtn.o] ==> [/usr/lib64/crtn.o]
  collapse library dir [/usr/lib/gcc/x86_64-redhat-linux/8] ==> [/usr/lib/gcc/x86_64-redhat-linux/8]
  collapse library dir [/usr/lib/gcc/x86_64-redhat-linux/8/../../../../lib64] ==> [/usr/lib64]
  collapse library dir [/lib/../lib64] ==> [/lib64]
  collapse library dir [/usr/lib/../lib64] ==> [/usr/lib64]
  collapse library dir [/usr/lib/gcc/x86_64-redhat-linux/8/../../..] ==> [/usr/lib]
  implicit libs: [gcc;gcc_s;c;gcc;gcc_s]
  implicit objs: [/usr/lib64/crt1.o;/usr/lib64/crti.o;/usr/lib/gcc/x86_64-redhat-linux/8/crtbegin.o;/usr/lib/gcc/x86_64-redhat-linux/8/crtend.o;/usr/lib64/crtn.o]
  implicit dirs: [/usr/lib/gcc/x86_64-redhat-linux/8;/usr/lib64;/lib64;/usr/lib]
  implicit fwks: []


Performing C SOURCE FILE Test WITH_FPIC succeeded with the following output:
Change Dir: /home/liyj/code/YJC/lib/cmocka-1.1.0/build/CMakeFiles/CMakeTmp

Run Build Command(s):/bin/gmake -f Makefile cmTC_90b63/fast && /bin/gmake  -f CMakeFiles/cmTC_90b63.dir/build.make CMakeFiles/cmTC_90b63.dir/build
gmake[1]: Entering directory '/home/liyj/code/YJC/lib/cmocka-1.1.0/build/CMakeFiles/CMakeTmp'
Building C object CMakeFiles/cmTC_90b63.dir/src.c.o
/bin/cc -DWITH_FPIC  -std=gnu99 -pedantic -pedantic-errors -Wall -Wextra -Wshadow -Wmissing-prototypes -Wdeclaration-after-statement -Wunused -Wfloat-equal -Wpointer-arith -Wwrite-strings -Wformat-security -Wmissing-format-attribute -Wundef    -fPIC -o CMakeFiles/cmTC_90b63.dir/src.c.o -c /home/liyj/code/YJC/lib/cmocka-1.1.0/build/CMakeFiles/CMakeTmp/src.c
Linking C executable cmTC_90b63
/usr/bin/cmake -E cmake_link_script CMakeFiles/cmTC_90b63.dir/link.txt --verbose=1
/bin/cc  -std=gnu99 -pedantic -pedantic-errors -Wall -Wextra -Wshadow -Wmissing-prototypes -Wdeclaration-after-statement -Wunused -Wfloat-equal -Wpointer-arith -Wwrite-strings -Wformat-security -Wmissing-format-attribute -Wundef  -rdynamic CMakeFiles/cmTC_90b63.dir/src.c.o -o cmTC_90b63 
gmake[1]: Leaving directory '/home/liyj/code/YJC/lib/cmocka-1.1.0/build/CMakeFiles/CMakeTmp'


Source file was:
int main(void) { return 0; }
Performing C SOURCE FILE Test WITH_STACK_PROTECTOR succeeded with the following output:
Change Dir: /home/liyj/code/YJC/lib/cmocka-1.1.0/build/CMakeFiles/CMakeTmp

Run Build Command(s):/bin/gmake -f Makefile cmTC_d24a1/fast && /bin/gmake  -f CMakeFiles/cmTC_d24a1.dir/build.make CMakeFiles/cmTC_d24a1.dir/build
gmake[1]: Entering directory '/home/liyj/code/YJC/lib/cmocka-1.1.0/build/CMakeFiles/CMakeTmp'
Building C object CMakeFiles/cmTC_d24a1.dir/src.c.o
/bin/cc -DWITH_STACK_PROTECTOR  -std=gnu99 -pedantic -pedantic-errors -Wall -Wextra -Wshadow -Wmissing-prototypes -Wdeclaration-after-statement -Wunused -Wfloat-equal -Wpointer-arith -Wwrite-strings -Wformat-security -Wmissing-format-attribute -Wundef -fPIC    -fstack-protector -o CMakeFiles/cmTC_d24a1.dir/src.c.o -c /home/liyj/code/YJC/lib/cmocka-1.1.0/build/CMakeFiles/CMakeTmp/src.c
/home/liyj/code/YJC/lib/cmocka-1.1.0/build/CMakeFiles/CMakeTmp/src.c: In function ‘main’:
/home/liyj/code/YJC/lib/cmocka-1.1.0/build/CMakeFiles/CMakeTmp/src.c:1:27: warning: unused parameter ‘argv’ [-Wunused-parameter]
 int main(int argc, char **argv) { char buffer[256]; return buffer[argc]=0;}
                    ~~~~~~~^~~~
Linking C executable cmTC_d24a1
/usr/bin/cmake -E cmake_link_script CMakeFiles/cmTC_d24a1.dir/link.txt --verbose=1
/bin/cc  -std=gnu99 -pedantic -pedantic-errors -Wall -Wextra -Wshadow -Wmissing-prototypes -Wdeclaration-after-statement -Wunused -Wfloat-equal -Wpointer-arith -Wwrite-strings -Wformat-security -Wmissing-format-attribute -Wundef -fPIC  -rdynamic CMakeFiles/cmTC_d24a1.dir/src.c.o -o cmTC_d24a1 
gmake[1]: Leaving directory '/home/liyj/code/YJC/lib/cmocka-1.1.0/build/CMakeFiles/CMakeTmp'


Source file was:
int main(int argc, char **argv) { char buffer[256]; return buffer[argc]=0;}
Performing C SOURCE FILE Test WITH_VISIBILITY_HIDDEN succeeded with the following output:
Change Dir: /home/liyj/code/YJC/lib/cmocka-1.1.0/build/CMakeFiles/CMakeTmp

Run Build Command(s):/bin/gmake -f Makefile cmTC_c3100/fast && /bin/gmake  -f CMakeFiles/cmTC_c3100.dir/build.make CMakeFiles/cmTC_c3100.dir/build
gmake[1]: Entering directory '/home/liyj/code/YJC/lib/cmocka-1.1.0/build/CMakeFiles/CMakeTmp'
Building C object CMakeFiles/cmTC_c3100.dir/src.c.o
/bin/cc -DWITH_VISIBILITY_HIDDEN  -std=gnu99 -pedantic -pedantic-errors -Wall -Wextra -Wshadow -Wmissing-prototypes -Wdeclaration-after-statement -Wunused -Wfloat-equal -Wpointer-arith -Wwrite-strings -Wformat-security -Wmissing-format-attribute -Wundef -fPIC -fstack-protector -D_GNU_SOURCE -D_LARGEFILE64_SOURCE    -fvisibility=hidden -o CMakeFiles/cmTC_c3100.dir/src.c.o -c /home/liyj/code/YJC/lib/cmocka-1.1.0/build/CMakeFiles/CMakeTmp/src.c
Linking C executable cmTC_c3100
/usr/bin/cmake -E cmake_link_script CMakeFiles/cmTC_c3100.dir/link.txt --verbose=1
/bin/cc  -std=gnu99 -pedantic -pedantic-errors -Wall -Wextra -Wshadow -Wmissing-prototypes -Wdeclaration-after-statement -Wunused -Wfloat-equal -Wpointer-arith -Wwrite-strings -Wformat-security -Wmissing-format-attribute -Wundef -fPIC -fstack-protector -D_GNU_SOURCE -D_LARGEFILE64_SOURCE  -rdynamic CMakeFiles/cmTC_c3100.dir/src.c.o -o cmTC_c3100 
gmake[1]: Leaving directory '/home/liyj/code/YJC/lib/cmocka-1.1.0/build/CMakeFiles/CMakeTmp'


Source file was:
int main(void) { return 0; }
Determining if the include file assert.h exists passed with the following output:
Change Dir: /home/liyj/code/YJC/lib/cmocka-1.1.0/build/CMakeFiles/CMakeTmp

Run Build Command(s):/bin/gmake -f Makefile cmTC_5e354/fast && /bin/gmake  -f CMakeFiles/cmTC_5e354.dir/build.make CMakeFiles/cmTC_5e354.dir/build
gmake[1]: Entering directory '/home/liyj/code/YJC/lib/cmocka-1.1.0/build/CMakeFiles/CMakeTmp'
Building C object CMakeFiles/cmTC_5e354.dir/CheckIncludeFile.c.o
/bin/cc   -std=gnu99 -pedantic -pedantic-errors -Wall -Wextra -Wshadow -Wmissing-prototypes -Wdeclaration-after-statement -Wunused -Wfloat-equal -Wpointer-arith -Wwrite-strings -Wformat-security -Wmissing-format-attribute -Wundef -fPIC -fstack-protector -D_GNU_SOURCE -D_LARGEFILE64_SOURCE  -o CMakeFiles/cmTC_5e354.dir/CheckIncludeFile.c.o -c /home/liyj/code/YJC/lib/cmocka-1.1.0/build/CMakeFiles/CMakeTmp/CheckIncludeFile.c
Linking C executable cmTC_5e354
/usr/bin/cmake -E cmake_link_script CMakeFiles/cmTC_5e354.dir/link.txt --verbose=1
/bin/cc  -std=gnu99 -pedantic -pedantic-errors -Wall -Wextra -Wshadow -Wmissing-prototypes -Wdeclaration-after-statement -Wunused -Wfloat-equal -Wpointer-arith -Wwrite-strings -Wformat-security -Wmissing-format-attribute -Wundef -fPIC -fstack-protector -D_GNU_SOURCE -D_LARGEFILE64_SOURCE  -rdynamic CMakeFiles/cmTC_5e354.dir/CheckIncludeFile.c.o -o cmTC_5e354 
gmake[1]: Leaving directory '/home/liyj/code/YJC/lib/cmocka-1.1.0/build/CMakeFiles/CMakeTmp'



Determining if the include file inttypes.h exists passed with the following output:
Change Dir: /home/liyj/code/YJC/lib/cmocka-1.1.0/build/CMakeFiles/CMakeTmp

Run Build Command(s):/bin/gmake -f Makefile cmTC_91cbe/fast && /bin/gmake  -f CMakeFiles/cmTC_91cbe.dir/build.make CMakeFiles/cmTC_91cbe.dir/build
gmake[1]: Entering directory '/home/liyj/code/YJC/lib/cmocka-1.1.0/build/CMakeFiles/CMakeTmp'
Building C object CMakeFiles/cmTC_91cbe.dir/CheckIncludeFile.c.o
/bin/cc   -std=gnu99 -pedantic -pedantic-errors -Wall -Wextra -Wshadow -Wmissing-prototypes -Wdeclaration-after-statement -Wunused -Wfloat-equal -Wpointer-arith -Wwrite-strings -Wformat-security -Wmissing-format-attribute -Wundef -fPIC -fstack-protector -D_GNU_SOURCE -D_LARGEFILE64_SOURCE  -o CMakeFiles/cmTC_91cbe.dir/CheckIncludeFile.c.o -c /home/liyj/code/YJC/lib/cmocka-1.1.0/build/CMakeFiles/CMakeTmp/CheckIncludeFile.c
Linking C executable cmTC_91cbe
/usr/bin/cmake -E cmake_link_script CMakeFiles/cmTC_91cbe.dir/link.txt --verbose=1
/bin/cc  -std=gnu99 -pedantic -pedantic-errors -Wall -Wextra -Wshadow -Wmissing-prototypes -Wdeclaration-after-statement -Wunused -Wfloat-equal -Wpointer-arith -Wwrite-strings -Wformat-security -Wmissing-format-attribute -Wundef -fPIC -fstack-protector -D_GNU_SOURCE -D_LARGEFILE64_SOURCE  -rdynamic CMakeFiles/cmTC_91cbe.dir/CheckIncludeFile.c.o -o cmTC_91cbe 
gmake[1]: Leaving directory '/home/liyj/code/YJC/lib/cmocka-1.1.0/build/CMakeFiles/CMakeTmp'



Determining if the include file malloc.h exists passed with the following output:
Change Dir: /home/liyj/code/YJC/lib/cmocka-1.1.0/build/CMakeFiles/CMakeTmp

Run Build Command(s):/bin/gmake -f Makefile cmTC_a13f8/fast && /bin/gmake  -f CMakeFiles/cmTC_a13f8.dir/build.make CMakeFiles/cmTC_a13f8.dir/build
gmake[1]: Entering directory '/home/liyj/code/YJC/lib/cmocka-1.1.0/build/CMakeFiles/CMakeTmp'
Building C object CMakeFiles/cmTC_a13f8.dir/CheckIncludeFile.c.o
/bin/cc   -std=gnu99 -pedantic -pedantic-errors -Wall -Wextra -Wshadow -Wmissing-prototypes -Wdeclaration-after-statement -Wunused -Wfloat-equal -Wpointer-arith -Wwrite-strings -Wformat-security -Wmissing-format-attribute -Wundef -fPIC -fstack-protector -D_GNU_SOURCE -D_LARGEFILE64_SOURCE  -o CMakeFiles/cmTC_a13f8.dir/CheckIncludeFile.c.o -c /home/liyj/code/YJC/lib/cmocka-1.1.0/build/CMakeFiles/CMakeTmp/CheckIncludeFile.c
Linking C executable cmTC_a13f8
/usr/bin/cmake -E cmake_link_script CMakeFiles/cmTC_a13f8.dir/link.txt --verbose=1
/bin/cc  -std=gnu99 -pedantic -pedantic-errors -Wall -Wextra -Wshadow -Wmissing-prototypes -Wdeclaration-after-statement -Wunused -Wfloat-equal -Wpointer-arith -Wwrite-strings -Wformat-security -Wmissing-format-attribute -Wundef -fPIC -fstack-protector -D_GNU_SOURCE -D_LARGEFILE64_SOURCE  -rdynamic CMakeFiles/cmTC_a13f8.dir/CheckIncludeFile.c.o -o cmTC_a13f8 
gmake[1]: Leaving directory '/home/liyj/code/YJC/lib/cmocka-1.1.0/build/CMakeFiles/CMakeTmp'



Determining if the include file memory.h exists passed with the following output:
Change Dir: /home/liyj/code/YJC/lib/cmocka-1.1.0/build/CMakeFiles/CMakeTmp

Run Build Command(s):/bin/gmake -f Makefile cmTC_61f4c/fast && /bin/gmake  -f CMakeFiles/cmTC_61f4c.dir/build.make CMakeFiles/cmTC_61f4c.dir/build
gmake[1]: Entering directory '/home/liyj/code/YJC/lib/cmocka-1.1.0/build/CMakeFiles/CMakeTmp'
Building C object CMakeFiles/cmTC_61f4c.dir/CheckIncludeFile.c.o
/bin/cc   -std=gnu99 -pedantic -pedantic-errors -Wall -Wextra -Wshadow -Wmissing-prototypes -Wdeclaration-after-statement -Wunused -Wfloat-equal -Wpointer-arith -Wwrite-strings -Wformat-security -Wmissing-format-attribute -Wundef -fPIC -fstack-protector -D_GNU_SOURCE -D_LARGEFILE64_SOURCE  -o CMakeFiles/cmTC_61f4c.dir/CheckIncludeFile.c.o -c /home/liyj/code/YJC/lib/cmocka-1.1.0/build/CMakeFiles/CMakeTmp/CheckIncludeFile.c
Linking C executable cmTC_61f4c
/usr/bin/cmake -E cmake_link_script CMakeFiles/cmTC_61f4c.dir/link.txt --verbose=1
/bin/cc  -std=gnu99 -pedantic -pedantic-errors -Wall -Wextra -Wshadow -Wmissing-prototypes -Wdeclaration-after-statement -Wunused -Wfloat-equal -Wpointer-arith -Wwrite-strings -Wformat-security -Wmissing-format-attribute -Wundef -fPIC -fstack-protector -D_GNU_SOURCE -D_LARGEFILE64_SOURCE  -rdynamic CMakeFiles/cmTC_61f4c.dir/CheckIncludeFile.c.o -o cmTC_61f4c 
gmake[1]: Leaving directory '/home/liyj/code/YJC/lib/cmocka-1.1.0/build/CMakeFiles/CMakeTmp'



Determining if the include file setjmp.h exists passed with the following output:
Change Dir: /home/liyj/code/YJC/lib/cmocka-1.1.0/build/CMakeFiles/CMakeTmp

Run Build Command(s):/bin/gmake -f Makefile cmTC_c3812/fast && /bin/gmake  -f CMakeFiles/cmTC_c3812.dir/build.make CMakeFiles/cmTC_c3812.dir/build
gmake[1]: Entering directory '/home/liyj/code/YJC/lib/cmocka-1.1.0/build/CMakeFiles/CMakeTmp'
Building C object CMakeFiles/cmTC_c3812.dir/CheckIncludeFile.c.o
/bin/cc   -std=gnu99 -pedantic -pedantic-errors -Wall -Wextra -Wshadow -Wmissing-prototypes -Wdeclaration-after-statement -Wunused -Wfloat-equal -Wpointer-arith -Wwrite-strings -Wformat-security -Wmissing-format-attribute -Wundef -fPIC -fstack-protector -D_GNU_SOURCE -D_LARGEFILE64_SOURCE  -o CMakeFiles/cmTC_c3812.dir/CheckIncludeFile.c.o -c /home/liyj/code/YJC/lib/cmocka-1.1.0/build/CMakeFiles/CMakeTmp/CheckIncludeFile.c
Linking C executable cmTC_c3812
/usr/bin/cmake -E cmake_link_script CMakeFiles/cmTC_c3812.dir/link.txt --verbose=1
/bin/cc  -std=gnu99 -pedantic -pedantic-errors -Wall -Wextra -Wshadow -Wmissing-prototypes -Wdeclaration-after-statement -Wunused -Wfloat-equal -Wpointer-arith -Wwrite-strings -Wformat-security -Wmissing-format-attribute -Wundef -fPIC -fstack-protector -D_GNU_SOURCE -D_LARGEFILE64_SOURCE  -rdynamic CMakeFiles/cmTC_c3812.dir/CheckIncludeFile.c.o -o cmTC_c3812 
gmake[1]: Leaving directory '/home/liyj/code/YJC/lib/cmocka-1.1.0/build/CMakeFiles/CMakeTmp'



Determining if the include file signal.h exists passed with the following output:
Change Dir: /home/liyj/code/YJC/lib/cmocka-1.1.0/build/CMakeFiles/CMakeTmp

Run Build Command(s):/bin/gmake -f Makefile cmTC_b811d/fast && /bin/gmake  -f CMakeFiles/cmTC_b811d.dir/build.make CMakeFiles/cmTC_b811d.dir/build
gmake[1]: Entering directory '/home/liyj/code/YJC/lib/cmocka-1.1.0/build/CMakeFiles/CMakeTmp'
Building C object CMakeFiles/cmTC_b811d.dir/CheckIncludeFile.c.o
/bin/cc   -std=gnu99 -pedantic -pedantic-errors -Wall -Wextra -Wshadow -Wmissing-prototypes -Wdeclaration-after-statement -Wunused -Wfloat-equal -Wpointer-arith -Wwrite-strings -Wformat-security -Wmissing-format-attribute -Wundef -fPIC -fstack-protector -D_GNU_SOURCE -D_LARGEFILE64_SOURCE  -o CMakeFiles/cmTC_b811d.dir/CheckIncludeFile.c.o -c /home/liyj/code/YJC/lib/cmocka-1.1.0/build/CMakeFiles/CMakeTmp/CheckIncludeFile.c
Linking C executable cmTC_b811d
/usr/bin/cmake -E cmake_link_script CMakeFiles/cmTC_b811d.dir/link.txt --verbose=1
/bin/cc  -std=gnu99 -pedantic -pedantic-errors -Wall -Wextra -Wshadow -Wmissing-prototypes -Wdeclaration-after-statement -Wunused -Wfloat-equal -Wpointer-arith -Wwrite-strings -Wformat-security -Wmissing-format-attribute -Wundef -fPIC -fstack-protector -D_GNU_SOURCE -D_LARGEFILE64_SOURCE  -rdynamic CMakeFiles/cmTC_b811d.dir/CheckIncludeFile.c.o -o cmTC_b811d 
gmake[1]: Leaving directory '/home/liyj/code/YJC/lib/cmocka-1.1.0/build/CMakeFiles/CMakeTmp'



Determining if the include file stdarg.h exists passed with the following output:
Change Dir: /home/liyj/code/YJC/lib/cmocka-1.1.0/build/CMakeFiles/CMakeTmp

Run Build Command(s):/bin/gmake -f Makefile cmTC_be600/fast && /bin/gmake  -f CMakeFiles/cmTC_be600.dir/build.make CMakeFiles/cmTC_be600.dir/build
gmake[1]: Entering directory '/home/liyj/code/YJC/lib/cmocka-1.1.0/build/CMakeFiles/CMakeTmp'
Building C object CMakeFiles/cmTC_be600.dir/CheckIncludeFile.c.o
/bin/cc   -std=gnu99 -pedantic -pedantic-errors -Wall -Wextra -Wshadow -Wmissing-prototypes -Wdeclaration-after-statement -Wunused -Wfloat-equal -Wpointer-arith -Wwrite-strings -Wformat-security -Wmissing-format-attribute -Wundef -fPIC -fstack-protector -D_GNU_SOURCE -D_LARGEFILE64_SOURCE  -o CMakeFiles/cmTC_be600.dir/CheckIncludeFile.c.o -c /home/liyj/code/YJC/lib/cmocka-1.1.0/build/CMakeFiles/CMakeTmp/CheckIncludeFile.c
Linking C executable cmTC_be600
/usr/bin/cmake -E cmake_link_script CMakeFiles/cmTC_be600.dir/link.txt --verbose=1
/bin/cc  -std=gnu99 -pedantic -pedantic-errors -Wall -Wextra -Wshadow -Wmissing-prototypes -Wdeclaration-after-statement -Wunused -Wfloat-equal -Wpointer-arith -Wwrite-strings -Wformat-security -Wmissing-format-attribute -Wundef -fPIC -fstack-protector -D_GNU_SOURCE -D_LARGEFILE64_SOURCE  -rdynamic CMakeFiles/cmTC_be600.dir/CheckIncludeFile.c.o -o cmTC_be600 
gmake[1]: Leaving directory '/home/liyj/code/YJC/lib/cmocka-1.1.0/build/CMakeFiles/CMakeTmp'



Determining if the include file stddef.h exists passed with the following output:
Change Dir: /home/liyj/code/YJC/lib/cmocka-1.1.0/build/CMakeFiles/CMakeTmp

Run Build Command(s):/bin/gmake -f Makefile cmTC_ab8a7/fast && /bin/gmake  -f CMakeFiles/cmTC_ab8a7.dir/build.make CMakeFiles/cmTC_ab8a7.dir/build
gmake[1]: Entering directory '/home/liyj/code/YJC/lib/cmocka-1.1.0/build/CMakeFiles/CMakeTmp'
Building C object CMakeFiles/cmTC_ab8a7.dir/CheckIncludeFile.c.o
/bin/cc   -std=gnu99 -pedantic -pedantic-errors -Wall -Wextra -Wshadow -Wmissing-prototypes -Wdeclaration-after-statement -Wunused -Wfloat-equal -Wpointer-arith -Wwrite-strings -Wformat-security -Wmissing-format-attribute -Wundef -fPIC -fstack-protector -D_GNU_SOURCE -D_LARGEFILE64_SOURCE  -o CMakeFiles/cmTC_ab8a7.dir/CheckIncludeFile.c.o -c /home/liyj/code/YJC/lib/cmocka-1.1.0/build/CMakeFiles/CMakeTmp/CheckIncludeFile.c
Linking C executable cmTC_ab8a7
/usr/bin/cmake -E cmake_link_script CMakeFiles/cmTC_ab8a7.dir/link.txt --verbose=1
/bin/cc  -std=gnu99 -pedantic -pedantic-errors -Wall -Wextra -Wshadow -Wmissing-prototypes -Wdeclaration-after-statement -Wunused -Wfloat-equal -Wpointer-arith -Wwrite-strings -Wformat-security -Wmissing-format-attribute -Wundef -fPIC -fstack-protector -D_GNU_SOURCE -D_LARGEFILE64_SOURCE  -rdynamic CMakeFiles/cmTC_ab8a7.dir/CheckIncludeFile.c.o -o cmTC_ab8a7 
gmake[1]: Leaving directory '/home/liyj/code/YJC/lib/cmocka-1.1.0/build/CMakeFiles/CMakeTmp'



Determining if the include file stdint.h exists passed with the following output:
Change Dir: /home/liyj/code/YJC/lib/cmocka-1.1.0/build/CMakeFiles/CMakeTmp

Run Build Command(s):/bin/gmake -f Makefile cmTC_689b5/fast && /bin/gmake  -f CMakeFiles/cmTC_689b5.dir/build.make CMakeFiles/cmTC_689b5.dir/build
gmake[1]: Entering directory '/home/liyj/code/YJC/lib/cmocka-1.1.0/build/CMakeFiles/CMakeTmp'
Building C object CMakeFiles/cmTC_689b5.dir/CheckIncludeFile.c.o
/bin/cc   -std=gnu99 -pedantic -pedantic-errors -Wall -Wextra -Wshadow -Wmissing-prototypes -Wdeclaration-after-statement -Wunused -Wfloat-equal -Wpointer-arith -Wwrite-strings -Wformat-security -Wmissing-format-attribute -Wundef -fPIC -fstack-protector -D_GNU_SOURCE -D_LARGEFILE64_SOURCE  -o CMakeFiles/cmTC_689b5.dir/CheckIncludeFile.c.o -c /home/liyj/code/YJC/lib/cmocka-1.1.0/build/CMakeFiles/CMakeTmp/CheckIncludeFile.c
Linking C executable cmTC_689b5
/usr/bin/cmake -E cmake_link_script CMakeFiles/cmTC_689b5.dir/link.txt --verbose=1
/bin/cc  -std=gnu99 -pedantic -pedantic-errors -Wall -Wextra -Wshadow -Wmissing-prototypes -Wdeclaration-after-statement -Wunused -Wfloat-equal -Wpointer-arith -Wwrite-strings -Wformat-security -Wmissing-format-attribute -Wundef -fPIC -fstack-protector -D_GNU_SOURCE -D_LARGEFILE64_SOURCE  -rdynamic CMakeFiles/cmTC_689b5.dir/CheckIncludeFile.c.o -o cmTC_689b5 
gmake[1]: Leaving directory '/home/liyj/code/YJC/lib/cmocka-1.1.0/build/CMakeFiles/CMakeTmp'



Determining if the include file stdio.h exists passed with the following output:
Change Dir: /home/liyj/code/YJC/lib/cmocka-1.1.0/build/CMakeFiles/CMakeTmp

Run Build Command(s):/bin/gmake -f Makefile cmTC_e9839/fast && /bin/gmake  -f CMakeFiles/cmTC_e9839.dir/build.make CMakeFiles/cmTC_e9839.dir/build
gmake[1]: Entering directory '/home/liyj/code/YJC/lib/cmocka-1.1.0/build/CMakeFiles/CMakeTmp'
Building C object CMakeFiles/cmTC_e9839.dir/CheckIncludeFile.c.o
/bin/cc   -std=gnu99 -pedantic -pedantic-errors -Wall -Wextra -Wshadow -Wmissing-prototypes -Wdeclaration-after-statement -Wunused -Wfloat-equal -Wpointer-arith -Wwrite-strings -Wformat-security -Wmissing-format-attribute -Wundef -fPIC -fstack-protector -D_GNU_SOURCE -D_LARGEFILE64_SOURCE  -o CMakeFiles/cmTC_e9839.dir/CheckIncludeFile.c.o -c /home/liyj/code/YJC/lib/cmocka-1.1.0/build/CMakeFiles/CMakeTmp/CheckIncludeFile.c
Linking C executable cmTC_e9839
/usr/bin/cmake -E cmake_link_script CMakeFiles/cmTC_e9839.dir/link.txt --verbose=1
/bin/cc  -std=gnu99 -pedantic -pedantic-errors -Wall -Wextra -Wshadow -Wmissing-prototypes -Wdeclaration-after-statement -Wunused -Wfloat-equal -Wpointer-arith -Wwrite-strings -Wformat-security -Wmissing-format-attribute -Wundef -fPIC -fstack-protector -D_GNU_SOURCE -D_LARGEFILE64_SOURCE  -rdynamic CMakeFiles/cmTC_e9839.dir/CheckIncludeFile.c.o -o cmTC_e9839 
gmake[1]: Leaving directory '/home/liyj/code/YJC/lib/cmocka-1.1.0/build/CMakeFiles/CMakeTmp'



Determining if the include file stdlib.h exists passed with the following output:
Change Dir: /home/liyj/code/YJC/lib/cmocka-1.1.0/build/CMakeFiles/CMakeTmp

Run Build Command(s):/bin/gmake -f Makefile cmTC_e3092/fast && /bin/gmake  -f CMakeFiles/cmTC_e3092.dir/build.make CMakeFiles/cmTC_e3092.dir/build
gmake[1]: Entering directory '/home/liyj/code/YJC/lib/cmocka-1.1.0/build/CMakeFiles/CMakeTmp'
Building C object CMakeFiles/cmTC_e3092.dir/CheckIncludeFile.c.o
/bin/cc   -std=gnu99 -pedantic -pedantic-errors -Wall -Wextra -Wshadow -Wmissing-prototypes -Wdeclaration-after-statement -Wunused -Wfloat-equal -Wpointer-arith -Wwrite-strings -Wformat-security -Wmissing-format-attribute -Wundef -fPIC -fstack-protector -D_GNU_SOURCE -D_LARGEFILE64_SOURCE  -o CMakeFiles/cmTC_e3092.dir/CheckIncludeFile.c.o -c /home/liyj/code/YJC/lib/cmocka-1.1.0/build/CMakeFiles/CMakeTmp/CheckIncludeFile.c
Linking C executable cmTC_e3092
/usr/bin/cmake -E cmake_link_script CMakeFiles/cmTC_e3092.dir/link.txt --verbose=1
/bin/cc  -std=gnu99 -pedantic -pedantic-errors -Wall -Wextra -Wshadow -Wmissing-prototypes -Wdeclaration-after-statement -Wunused -Wfloat-equal -Wpointer-arith -Wwrite-strings -Wformat-security -Wmissing-format-attribute -Wundef -fPIC -fstack-protector -D_GNU_SOURCE -D_LARGEFILE64_SOURCE  -rdynamic CMakeFiles/cmTC_e3092.dir/CheckIncludeFile.c.o -o cmTC_e3092 
gmake[1]: Leaving directory '/home/liyj/code/YJC/lib/cmocka-1.1.0/build/CMakeFiles/CMakeTmp'



Determining if the include file string.h exists passed with the following output:
Change Dir: /home/liyj/code/YJC/lib/cmocka-1.1.0/build/CMakeFiles/CMakeTmp

Run Build Command(s):/bin/gmake -f Makefile cmTC_ea7cd/fast && /bin/gmake  -f CMakeFiles/cmTC_ea7cd.dir/build.make CMakeFiles/cmTC_ea7cd.dir/build
gmake[1]: Entering directory '/home/liyj/code/YJC/lib/cmocka-1.1.0/build/CMakeFiles/CMakeTmp'
Building C object CMakeFiles/cmTC_ea7cd.dir/CheckIncludeFile.c.o
/bin/cc   -std=gnu99 -pedantic -pedantic-errors -Wall -Wextra -Wshadow -Wmissing-prototypes -Wdeclaration-after-statement -Wunused -Wfloat-equal -Wpointer-arith -Wwrite-strings -Wformat-security -Wmissing-format-attribute -Wundef -fPIC -fstack-protector -D_GNU_SOURCE -D_LARGEFILE64_SOURCE  -o CMakeFiles/cmTC_ea7cd.dir/CheckIncludeFile.c.o -c /home/liyj/code/YJC/lib/cmocka-1.1.0/build/CMakeFiles/CMakeTmp/CheckIncludeFile.c
Linking C executable cmTC_ea7cd
/usr/bin/cmake -E cmake_link_script CMakeFiles/cmTC_ea7cd.dir/link.txt --verbose=1
/bin/cc  -std=gnu99 -pedantic -pedantic-errors -Wall -Wextra -Wshadow -Wmissing-prototypes -Wdeclaration-after-statement -Wunused -Wfloat-equal -Wpointer-arith -Wwrite-strings -Wformat-security -Wmissing-format-attribute -Wundef -fPIC -fstack-protector -D_GNU_SOURCE -D_LARGEFILE64_SOURCE  -rdynamic CMakeFiles/cmTC_ea7cd.dir/CheckIncludeFile.c.o -o cmTC_ea7cd 
gmake[1]: Leaving directory '/home/liyj/code/YJC/lib/cmocka-1.1.0/build/CMakeFiles/CMakeTmp'



Determining if the include file strings.h exists passed with the following output:
Change Dir: /home/liyj/code/YJC/lib/cmocka-1.1.0/build/CMakeFiles/CMakeTmp

Run Build Command(s):/bin/gmake -f Makefile cmTC_0dd35/fast && /bin/gmake  -f CMakeFiles/cmTC_0dd35.dir/build.make CMakeFiles/cmTC_0dd35.dir/build
gmake[1]: Entering directory '/home/liyj/code/YJC/lib/cmocka-1.1.0/build/CMakeFiles/CMakeTmp'
Building C object CMakeFiles/cmTC_0dd35.dir/CheckIncludeFile.c.o
/bin/cc   -std=gnu99 -pedantic -pedantic-errors -Wall -Wextra -Wshadow -Wmissing-prototypes -Wdeclaration-after-statement -Wunused -Wfloat-equal -Wpointer-arith -Wwrite-strings -Wformat-security -Wmissing-format-attribute -Wundef -fPIC -fstack-protector -D_GNU_SOURCE -D_LARGEFILE64_SOURCE  -o CMakeFiles/cmTC_0dd35.dir/CheckIncludeFile.c.o -c /home/liyj/code/YJC/lib/cmocka-1.1.0/build/CMakeFiles/CMakeTmp/CheckIncludeFile.c
Linking C executable cmTC_0dd35
/usr/bin/cmake -E cmake_link_script CMakeFiles/cmTC_0dd35.dir/link.txt --verbose=1
/bin/cc  -std=gnu99 -pedantic -pedantic-errors -Wall -Wextra -Wshadow -Wmissing-prototypes -Wdeclaration-after-statement -Wunused -Wfloat-equal -Wpointer-arith -Wwrite-strings -Wformat-security -Wmissing-format-attribute -Wundef -fPIC -fstack-protector -D_GNU_SOURCE -D_LARGEFILE64_SOURCE  -rdynamic CMakeFiles/cmTC_0dd35.dir/CheckIncludeFile.c.o -o cmTC_0dd35 
gmake[1]: Leaving directory '/home/liyj/code/YJC/lib/cmocka-1.1.0/build/CMakeFiles/CMakeTmp'



Determining if the include file sys/stat.h exists passed with the following output:
Change Dir: /home/liyj/code/YJC/lib/cmocka-1.1.0/build/CMakeFiles/CMakeTmp

Run Build Command(s):/bin/gmake -f Makefile cmTC_6ae47/fast && /bin/gmake  -f CMakeFiles/cmTC_6ae47.dir/build.make CMakeFiles/cmTC_6ae47.dir/build
gmake[1]: Entering directory '/home/liyj/code/YJC/lib/cmocka-1.1.0/build/CMakeFiles/CMakeTmp'
Building C object CMakeFiles/cmTC_6ae47.dir/CheckIncludeFile.c.o
/bin/cc   -std=gnu99 -pedantic -pedantic-errors -Wall -Wextra -Wshadow -Wmissing-prototypes -Wdeclaration-after-statement -Wunused -Wfloat-equal -Wpointer-arith -Wwrite-strings -Wformat-security -Wmissing-format-attribute -Wundef -fPIC -fstack-protector -D_GNU_SOURCE -D_LARGEFILE64_SOURCE  -o CMakeFiles/cmTC_6ae47.dir/CheckIncludeFile.c.o -c /home/liyj/code/YJC/lib/cmocka-1.1.0/build/CMakeFiles/CMakeTmp/CheckIncludeFile.c
Linking C executable cmTC_6ae47
/usr/bin/cmake -E cmake_link_script CMakeFiles/cmTC_6ae47.dir/link.txt --verbose=1
/bin/cc  -std=gnu99 -pedantic -pedantic-errors -Wall -Wextra -Wshadow -Wmissing-prototypes -Wdeclaration-after-statement -Wunused -Wfloat-equal -Wpointer-arith -Wwrite-strings -Wformat-security -Wmissing-format-attribute -Wundef -fPIC -fstack-protector -D_GNU_SOURCE -D_LARGEFILE64_SOURCE  -rdynamic CMakeFiles/cmTC_6ae47.dir/CheckIncludeFile.c.o -o cmTC_6ae47 
gmake[1]: Leaving directory '/home/liyj/code/YJC/lib/cmocka-1.1.0/build/CMakeFiles/CMakeTmp'



Determining if the include file sys/types.h exists passed with the following output:
Change Dir: /home/liyj/code/YJC/lib/cmocka-1.1.0/build/CMakeFiles/CMakeTmp

Run Build Command(s):/bin/gmake -f Makefile cmTC_b4ca7/fast && /bin/gmake  -f CMakeFiles/cmTC_b4ca7.dir/build.make CMakeFiles/cmTC_b4ca7.dir/build
gmake[1]: Entering directory '/home/liyj/code/YJC/lib/cmocka-1.1.0/build/CMakeFiles/CMakeTmp'
Building C object CMakeFiles/cmTC_b4ca7.dir/CheckIncludeFile.c.o
/bin/cc   -std=gnu99 -pedantic -pedantic-errors -Wall -Wextra -Wshadow -Wmissing-prototypes -Wdeclaration-after-statement -Wunused -Wfloat-equal -Wpointer-arith -Wwrite-strings -Wformat-security -Wmissing-format-attribute -Wundef -fPIC -fstack-protector -D_GNU_SOURCE -D_LARGEFILE64_SOURCE  -o CMakeFiles/cmTC_b4ca7.dir/CheckIncludeFile.c.o -c /home/liyj/code/YJC/lib/cmocka-1.1.0/build/CMakeFiles/CMakeTmp/CheckIncludeFile.c
Linking C executable cmTC_b4ca7
/usr/bin/cmake -E cmake_link_script CMakeFiles/cmTC_b4ca7.dir/link.txt --verbose=1
/bin/cc  -std=gnu99 -pedantic -pedantic-errors -Wall -Wextra -Wshadow -Wmissing-prototypes -Wdeclaration-after-statement -Wunused -Wfloat-equal -Wpointer-arith -Wwrite-strings -Wformat-security -Wmissing-format-attribute -Wundef -fPIC -fstack-protector -D_GNU_SOURCE -D_LARGEFILE64_SOURCE  -rdynamic CMakeFiles/cmTC_b4ca7.dir/CheckIncludeFile.c.o -o cmTC_b4ca7 
gmake[1]: Leaving directory '/home/liyj/code/YJC/lib/cmocka-1.1.0/build/CMakeFiles/CMakeTmp'



Determining if the include file time.h exists passed with the following output:
Change Dir: /home/liyj/code/YJC/lib/cmocka-1.1.0/build/CMakeFiles/CMakeTmp

Run Build Command(s):/bin/gmake -f Makefile cmTC_d7506/fast && /bin/gmake  -f CMakeFiles/cmTC_d7506.dir/build.make CMakeFiles/cmTC_d7506.dir/build
gmake[1]: Entering directory '/home/liyj/code/YJC/lib/cmocka-1.1.0/build/CMakeFiles/CMakeTmp'
Building C object CMakeFiles/cmTC_d7506.dir/CheckIncludeFile.c.o
/bin/cc   -std=gnu99 -pedantic -pedantic-errors -Wall -Wextra -Wshadow -Wmissing-prototypes -Wdeclaration-after-statement -Wunused -Wfloat-equal -Wpointer-arith -Wwrite-strings -Wformat-security -Wmissing-format-attribute -Wundef -fPIC -fstack-protector -D_GNU_SOURCE -D_LARGEFILE64_SOURCE  -o CMakeFiles/cmTC_d7506.dir/CheckIncludeFile.c.o -c /home/liyj/code/YJC/lib/cmocka-1.1.0/build/CMakeFiles/CMakeTmp/CheckIncludeFile.c
Linking C executable cmTC_d7506
/usr/bin/cmake -E cmake_link_script CMakeFiles/cmTC_d7506.dir/link.txt --verbose=1
/bin/cc  -std=gnu99 -pedantic -pedantic-errors -Wall -Wextra -Wshadow -Wmissing-prototypes -Wdeclaration-after-statement -Wunused -Wfloat-equal -Wpointer-arith -Wwrite-strings -Wformat-security -Wmissing-format-attribute -Wundef -fPIC -fstack-protector -D_GNU_SOURCE -D_LARGEFILE64_SOURCE  -rdynamic CMakeFiles/cmTC_d7506.dir/CheckIncludeFile.c.o -o cmTC_d7506 
gmake[1]: Leaving directory '/home/liyj/code/YJC/lib/cmocka-1.1.0/build/CMakeFiles/CMakeTmp'



Determining if the include file unistd.h exists passed with the following output:
Change Dir: /home/liyj/code/YJC/lib/cmocka-1.1.0/build/CMakeFiles/CMakeTmp

Run Build Command(s):/bin/gmake -f Makefile cmTC_9e4f0/fast && /bin/gmake  -f CMakeFiles/cmTC_9e4f0.dir/build.make CMakeFiles/cmTC_9e4f0.dir/build
gmake[1]: Entering directory '/home/liyj/code/YJC/lib/cmocka-1.1.0/build/CMakeFiles/CMakeTmp'
Building C object CMakeFiles/cmTC_9e4f0.dir/CheckIncludeFile.c.o
/bin/cc   -std=gnu99 -pedantic -pedantic-errors -Wall -Wextra -Wshadow -Wmissing-prototypes -Wdeclaration-after-statement -Wunused -Wfloat-equal -Wpointer-arith -Wwrite-strings -Wformat-security -Wmissing-format-attribute -Wundef -fPIC -fstack-protector -D_GNU_SOURCE -D_LARGEFILE64_SOURCE  -o CMakeFiles/cmTC_9e4f0.dir/CheckIncludeFile.c.o -c /home/liyj/code/YJC/lib/cmocka-1.1.0/build/CMakeFiles/CMakeTmp/CheckIncludeFile.c
Linking C executable cmTC_9e4f0
/usr/bin/cmake -E cmake_link_script CMakeFiles/cmTC_9e4f0.dir/link.txt --verbose=1
/bin/cc  -std=gnu99 -pedantic -pedantic-errors -Wall -Wextra -Wshadow -Wmissing-prototypes -Wdeclaration-after-statement -Wunused -Wfloat-equal -Wpointer-arith -Wwrite-strings -Wformat-security -Wmissing-format-attribute -Wundef -fPIC -fstack-protector -D_GNU_SOURCE -D_LARGEFILE64_SOURCE  -rdynamic CMakeFiles/cmTC_9e4f0.dir/CheckIncludeFile.c.o -o cmTC_9e4f0 
gmake[1]: Leaving directory '/home/liyj/code/YJC/lib/cmocka-1.1.0/build/CMakeFiles/CMakeTmp'



Performing C SOURCE FILE Test HAVE_STRUCT_TIMESPEC succeeded with the following output:
Change Dir: /home/liyj/code/YJC/lib/cmocka-1.1.0/build/CMakeFiles/CMakeTmp

Run Build Command(s):/bin/gmake -f Makefile cmTC_a1603/fast && /bin/gmake  -f CMakeFiles/cmTC_a1603.dir/build.make CMakeFiles/cmTC_a1603.dir/build
gmake[1]: Entering directory '/home/liyj/code/YJC/lib/cmocka-1.1.0/build/CMakeFiles/CMakeTmp'
Building C object CMakeFiles/cmTC_a1603.dir/src.c.o
/bin/cc -DHAVE_STRUCT_TIMESPEC  -std=gnu99 -pedantic -pedantic-errors -Wall -Wextra -Wshadow -Wmissing-prototypes -Wdeclaration-after-statement -Wunused -Wfloat-equal -Wpointer-arith -Wwrite-strings -Wformat-security -Wmissing-format-attribute -Wundef -fPIC -fstack-protector -D_GNU_SOURCE -D_LARGEFILE64_SOURCE  -o CMakeFiles/cmTC_a1603.dir/src.c.o -c /home/liyj/code/YJC/lib/cmocka-1.1.0/build/CMakeFiles/CMakeTmp/src.c
Linking C executable cmTC_a1603
/usr/bin/cmake -E cmake_link_script CMakeFiles/cmTC_a1603.dir/link.txt --verbose=1
/bin/cc  -std=gnu99 -pedantic -pedantic-errors -Wall -Wextra -Wshadow -Wmissing-prototypes -Wdeclaration-after-statement -Wunused -Wfloat-equal -Wpointer-arith -Wwrite-strings -Wformat-security -Wmissing-format-attribute -Wundef -fPIC -fstack-protector -D_GNU_SOURCE -D_LARGEFILE64_SOURCE  -rdynamic CMakeFiles/cmTC_a1603.dir/src.c.o -o cmTC_a1603 
gmake[1]: Leaving directory '/home/liyj/code/YJC/lib/cmocka-1.1.0/build/CMakeFiles/CMakeTmp'


Source file was:

#include <time.h>

int main()
{
  (void)sizeof(((struct timespec *)0)->tv_sec);
  return 0;
}

Determining if the function calloc exists passed with the following output:
Change Dir: /home/liyj/code/YJC/lib/cmocka-1.1.0/build/CMakeFiles/CMakeTmp

Run Build Command(s):/bin/gmake -f Makefile cmTC_16201/fast && /bin/gmake  -f CMakeFiles/cmTC_16201.dir/build.make CMakeFiles/cmTC_16201.dir/build
gmake[1]: Entering directory '/home/liyj/code/YJC/lib/cmocka-1.1.0/build/CMakeFiles/CMakeTmp'
Building C object CMakeFiles/cmTC_16201.dir/CheckFunctionExists.c.o
/bin/cc   -std=gnu99 -pedantic -pedantic-errors -Wall -Wextra -Wshadow -Wmissing-prototypes -Wdeclaration-after-statement -Wunused -Wfloat-equal -Wpointer-arith -Wwrite-strings -Wformat-security -Wmissing-format-attribute -Wundef -fPIC -fstack-protector -D_GNU_SOURCE -D_LARGEFILE64_SOURCE -DCHECK_FUNCTION_EXISTS=calloc -o CMakeFiles/cmTC_16201.dir/CheckFunctionExists.c.o -c /usr/share/cmake/Modules/CheckFunctionExists.c
<command-line>: warning: conflicting types for built-in function ‘calloc’ [-Wbuiltin-declaration-mismatch]
/usr/share/cmake/Modules/CheckFunctionExists.c:7:3: note: in expansion of macro ‘CHECK_FUNCTION_EXISTS’
   CHECK_FUNCTION_EXISTS(void);
   ^~~~~~~~~~~~~~~~~~~~~
Linking C executable cmTC_16201
/usr/bin/cmake -E cmake_link_script CMakeFiles/cmTC_16201.dir/link.txt --verbose=1
/bin/cc  -std=gnu99 -pedantic -pedantic-errors -Wall -Wextra -Wshadow -Wmissing-prototypes -Wdeclaration-after-statement -Wunused -Wfloat-equal -Wpointer-arith -Wwrite-strings -Wformat-security -Wmissing-format-attribute -Wundef -fPIC -fstack-protector -D_GNU_SOURCE -D_LARGEFILE64_SOURCE -DCHECK_FUNCTION_EXISTS=calloc -rdynamic CMakeFiles/cmTC_16201.dir/CheckFunctionExists.c.o -o cmTC_16201 
gmake[1]: Leaving directory '/home/liyj/code/YJC/lib/cmocka-1.1.0/build/CMakeFiles/CMakeTmp'



Determining if the function exit exists passed with the following output:
Change Dir: /home/liyj/code/YJC/lib/cmocka-1.1.0/build/CMakeFiles/CMakeTmp

Run Build Command(s):/bin/gmake -f Makefile cmTC_2e0b2/fast && /bin/gmake  -f CMakeFiles/cmTC_2e0b2.dir/build.make CMakeFiles/cmTC_2e0b2.dir/build
gmake[1]: Entering directory '/home/liyj/code/YJC/lib/cmocka-1.1.0/build/CMakeFiles/CMakeTmp'
Building C object CMakeFiles/cmTC_2e0b2.dir/CheckFunctionExists.c.o
/bin/cc   -std=gnu99 -pedantic -pedantic-errors -Wall -Wextra -Wshadow -Wmissing-prototypes -Wdeclaration-after-statement -Wunused -Wfloat-equal -Wpointer-arith -Wwrite-strings -Wformat-security -Wmissing-format-attribute -Wundef -fPIC -fstack-protector -D_GNU_SOURCE -D_LARGEFILE64_SOURCE -DCHECK_FUNCTION_EXISTS=exit -o CMakeFiles/cmTC_2e0b2.dir/CheckFunctionExists.c.o -c /usr/share/cmake/Modules/CheckFunctionExists.c
<command-line>: warning: conflicting types for built-in function ‘exit’ [-Wbuiltin-declaration-mismatch]
/usr/share/cmake/Modules/CheckFunctionExists.c:7:3: note: in expansion of macro ‘CHECK_FUNCTION_EXISTS’
   CHECK_FUNCTION_EXISTS(void);
   ^~~~~~~~~~~~~~~~~~~~~
Linking C executable cmTC_2e0b2
/usr/bin/cmake -E cmake_link_script CMakeFiles/cmTC_2e0b2.dir/link.txt --verbose=1
/bin/cc  -std=gnu99 -pedantic -pedantic-errors -Wall -Wextra -Wshadow -Wmissing-prototypes -Wdeclaration-after-statement -Wunused -Wfloat-equal -Wpointer-arith -Wwrite-strings -Wformat-security -Wmissing-format-attribute -Wundef -fPIC -fstack-protector -D_GNU_SOURCE -D_LARGEFILE64_SOURCE -DCHECK_FUNCTION_EXISTS=exit -rdynamic CMakeFiles/cmTC_2e0b2.dir/CheckFunctionExists.c.o -o cmTC_2e0b2 
gmake[1]: Leaving directory '/home/liyj/code/YJC/lib/cmocka-1.1.0/build/CMakeFiles/CMakeTmp'



Determining if the function fprintf exists passed with the following output:
Change Dir: /home/liyj/code/YJC/lib/cmocka-1.1.0/build/CMakeFiles/CMakeTmp

Run Build Command(s):/bin/gmake -f Makefile cmTC_10e3d/fast && /bin/gmake  -f CMakeFiles/cmTC_10e3d.dir/build.make CMakeFiles/cmTC_10e3d.dir/build
gmake[1]: Entering directory '/home/liyj/code/YJC/lib/cmocka-1.1.0/build/CMakeFiles/CMakeTmp'
Building C object CMakeFiles/cmTC_10e3d.dir/CheckFunctionExists.c.o
/bin/cc   -std=gnu99 -pedantic -pedantic-errors -Wall -Wextra -Wshadow -Wmissing-prototypes -Wdeclaration-after-statement -Wunused -Wfloat-equal -Wpointer-arith -Wwrite-strings -Wformat-security -Wmissing-format-attribute -Wundef -fPIC -fstack-protector -D_GNU_SOURCE -D_LARGEFILE64_SOURCE -DCHECK_FUNCTION_EXISTS=fprintf -o CMakeFiles/cmTC_10e3d.dir/CheckFunctionExists.c.o -c /usr/share/cmake/Modules/CheckFunctionExists.c
<command-line>: warning: conflicting types for built-in function ‘fprintf’ [-Wbuiltin-declaration-mismatch]
/usr/share/cmake/Modules/CheckFunctionExists.c:7:3: note: in expansion of macro ‘CHECK_FUNCTION_EXISTS’
   CHECK_FUNCTION_EXISTS(void);
   ^~~~~~~~~~~~~~~~~~~~~
Linking C executable cmTC_10e3d
/usr/bin/cmake -E cmake_link_script CMakeFiles/cmTC_10e3d.dir/link.txt --verbose=1
/bin/cc  -std=gnu99 -pedantic -pedantic-errors -Wall -Wextra -Wshadow -Wmissing-prototypes -Wdeclaration-after-statement -Wunused -Wfloat-equal -Wpointer-arith -Wwrite-strings -Wformat-security -Wmissing-format-attribute -Wundef -fPIC -fstack-protector -D_GNU_SOURCE -D_LARGEFILE64_SOURCE -DCHECK_FUNCTION_EXISTS=fprintf -rdynamic CMakeFiles/cmTC_10e3d.dir/CheckFunctionExists.c.o -o cmTC_10e3d 
gmake[1]: Leaving directory '/home/liyj/code/YJC/lib/cmocka-1.1.0/build/CMakeFiles/CMakeTmp'



Determining if the function free exists passed with the following output:
Change Dir: /home/liyj/code/YJC/lib/cmocka-1.1.0/build/CMakeFiles/CMakeTmp

Run Build Command(s):/bin/gmake -f Makefile cmTC_947f1/fast && /bin/gmake  -f CMakeFiles/cmTC_947f1.dir/build.make CMakeFiles/cmTC_947f1.dir/build
gmake[1]: Entering directory '/home/liyj/code/YJC/lib/cmocka-1.1.0/build/CMakeFiles/CMakeTmp'
Building C object CMakeFiles/cmTC_947f1.dir/CheckFunctionExists.c.o
/bin/cc   -std=gnu99 -pedantic -pedantic-errors -Wall -Wextra -Wshadow -Wmissing-prototypes -Wdeclaration-after-statement -Wunused -Wfloat-equal -Wpointer-arith -Wwrite-strings -Wformat-security -Wmissing-format-attribute -Wundef -fPIC -fstack-protector -D_GNU_SOURCE -D_LARGEFILE64_SOURCE -DCHECK_FUNCTION_EXISTS=free -o CMakeFiles/cmTC_947f1.dir/CheckFunctionExists.c.o -c /usr/share/cmake/Modules/CheckFunctionExists.c
<command-line>: warning: conflicting types for built-in function ‘free’ [-Wbuiltin-declaration-mismatch]
/usr/share/cmake/Modules/CheckFunctionExists.c:7:3: note: in expansion of macro ‘CHECK_FUNCTION_EXISTS’
   CHECK_FUNCTION_EXISTS(void);
   ^~~~~~~~~~~~~~~~~~~~~
Linking C executable cmTC_947f1
/usr/bin/cmake -E cmake_link_script CMakeFiles/cmTC_947f1.dir/link.txt --verbose=1
/bin/cc  -std=gnu99 -pedantic -pedantic-errors -Wall -Wextra -Wshadow -Wmissing-prototypes -Wdeclaration-after-statement -Wunused -Wfloat-equal -Wpointer-arith -Wwrite-strings -Wformat-security -Wmissing-format-attribute -Wundef -fPIC -fstack-protector -D_GNU_SOURCE -D_LARGEFILE64_SOURCE -DCHECK_FUNCTION_EXISTS=free -rdynamic CMakeFiles/cmTC_947f1.dir/CheckFunctionExists.c.o -o cmTC_947f1 
gmake[1]: Leaving directory '/home/liyj/code/YJC/lib/cmocka-1.1.0/build/CMakeFiles/CMakeTmp'



Determining if the function longjmp exists passed with the following output:
Change Dir: /home/liyj/code/YJC/lib/cmocka-1.1.0/build/CMakeFiles/CMakeTmp

Run Build Command(s):/bin/gmake -f Makefile cmTC_089cb/fast && /bin/gmake  -f CMakeFiles/cmTC_089cb.dir/build.make CMakeFiles/cmTC_089cb.dir/build
gmake[1]: Entering directory '/home/liyj/code/YJC/lib/cmocka-1.1.0/build/CMakeFiles/CMakeTmp'
Building C object CMakeFiles/cmTC_089cb.dir/CheckFunctionExists.c.o
/bin/cc   -std=gnu99 -pedantic -pedantic-errors -Wall -Wextra -Wshadow -Wmissing-prototypes -Wdeclaration-after-statement -Wunused -Wfloat-equal -Wpointer-arith -Wwrite-strings -Wformat-security -Wmissing-format-attribute -Wundef -fPIC -fstack-protector -D_GNU_SOURCE -D_LARGEFILE64_SOURCE -DCHECK_FUNCTION_EXISTS=longjmp -o CMakeFiles/cmTC_089cb.dir/CheckFunctionExists.c.o -c /usr/share/cmake/Modules/CheckFunctionExists.c
Linking C executable cmTC_089cb
/usr/bin/cmake -E cmake_link_script CMakeFiles/cmTC_089cb.dir/link.txt --verbose=1
/bin/cc  -std=gnu99 -pedantic -pedantic-errors -Wall -Wextra -Wshadow -Wmissing-prototypes -Wdeclaration-after-statement -Wunused -Wfloat-equal -Wpointer-arith -Wwrite-strings -Wformat-security -Wmissing-format-attribute -Wundef -fPIC -fstack-protector -D_GNU_SOURCE -D_LARGEFILE64_SOURCE -DCHECK_FUNCTION_EXISTS=longjmp -rdynamic CMakeFiles/cmTC_089cb.dir/CheckFunctionExists.c.o -o cmTC_089cb 
gmake[1]: Leaving directory '/home/liyj/code/YJC/lib/cmocka-1.1.0/build/CMakeFiles/CMakeTmp'



Determining if the function siglongjmp exists passed with the following output:
Change Dir: /home/liyj/code/YJC/lib/cmocka-1.1.0/build/CMakeFiles/CMakeTmp

Run Build Command(s):/bin/gmake -f Makefile cmTC_d2115/fast && /bin/gmake  -f CMakeFiles/cmTC_d2115.dir/build.make CMakeFiles/cmTC_d2115.dir/build
gmake[1]: Entering directory '/home/liyj/code/YJC/lib/cmocka-1.1.0/build/CMakeFiles/CMakeTmp'
Building C object CMakeFiles/cmTC_d2115.dir/CheckFunctionExists.c.o
/bin/cc   -std=gnu99 -pedantic -pedantic-errors -Wall -Wextra -Wshadow -Wmissing-prototypes -Wdeclaration-after-statement -Wunused -Wfloat-equal -Wpointer-arith -Wwrite-strings -Wformat-security -Wmissing-format-attribute -Wundef -fPIC -fstack-protector -D_GNU_SOURCE -D_LARGEFILE64_SOURCE -DCHECK_FUNCTION_EXISTS=siglongjmp -o CMakeFiles/cmTC_d2115.dir/CheckFunctionExists.c.o -c /usr/share/cmake/Modules/CheckFunctionExists.c
Linking C executable cmTC_d2115
/usr/bin/cmake -E cmake_link_script CMakeFiles/cmTC_d2115.dir/link.txt --verbose=1
/bin/cc  -std=gnu99 -pedantic -pedantic-errors -Wall -Wextra -Wshadow -Wmissing-prototypes -Wdeclaration-after-statement -Wunused -Wfloat-equal -Wpointer-arith -Wwrite-strings -Wformat-security -Wmissing-format-attribute -Wundef -fPIC -fstack-protector -D_GNU_SOURCE -D_LARGEFILE64_SOURCE -DCHECK_FUNCTION_EXISTS=siglongjmp -rdynamic CMakeFiles/cmTC_d2115.dir/CheckFunctionExists.c.o -o cmTC_d2115 
gmake[1]: Leaving directory '/home/liyj/code/YJC/lib/cmocka-1.1.0/build/CMakeFiles/CMakeTmp'



Determining if the function malloc exists passed with the following output:
Change Dir: /home/liyj/code/YJC/lib/cmocka-1.1.0/build/CMakeFiles/CMakeTmp

Run Build Command(s):/bin/gmake -f Makefile cmTC_b08d1/fast && /bin/gmake  -f CMakeFiles/cmTC_b08d1.dir/build.make CMakeFiles/cmTC_b08d1.dir/build
gmake[1]: Entering directory '/home/liyj/code/YJC/lib/cmocka-1.1.0/build/CMakeFiles/CMakeTmp'
Building C object CMakeFiles/cmTC_b08d1.dir/CheckFunctionExists.c.o
/bin/cc   -std=gnu99 -pedantic -pedantic-errors -Wall -Wextra -Wshadow -Wmissing-prototypes -Wdeclaration-after-statement -Wunused -Wfloat-equal -Wpointer-arith -Wwrite-strings -Wformat-security -Wmissing-format-attribute -Wundef -fPIC -fstack-protector -D_GNU_SOURCE -D_LARGEFILE64_SOURCE -DCHECK_FUNCTION_EXISTS=malloc -o CMakeFiles/cmTC_b08d1.dir/CheckFunctionExists.c.o -c /usr/share/cmake/Modules/CheckFunctionExists.c
<command-line>: warning: conflicting types for built-in function ‘malloc’ [-Wbuiltin-declaration-mismatch]
/usr/share/cmake/Modules/CheckFunctionExists.c:7:3: note: in expansion of macro ‘CHECK_FUNCTION_EXISTS’
   CHECK_FUNCTION_EXISTS(void);
   ^~~~~~~~~~~~~~~~~~~~~
Linking C executable cmTC_b08d1
/usr/bin/cmake -E cmake_link_script CMakeFiles/cmTC_b08d1.dir/link.txt --verbose=1
/bin/cc  -std=gnu99 -pedantic -pedantic-errors -Wall -Wextra -Wshadow -Wmissing-prototypes -Wdeclaration-after-statement -Wunused -Wfloat-equal -Wpointer-arith -Wwrite-strings -Wformat-security -Wmissing-format-attribute -Wundef -fPIC -fstack-protector -D_GNU_SOURCE -D_LARGEFILE64_SOURCE -DCHECK_FUNCTION_EXISTS=malloc -rdynamic CMakeFiles/cmTC_b08d1.dir/CheckFunctionExists.c.o -o cmTC_b08d1 
gmake[1]: Leaving directory '/home/liyj/code/YJC/lib/cmocka-1.1.0/build/CMakeFiles/CMakeTmp'



Determining if the function memcpy exists passed with the following output:
Change Dir: /home/liyj/code/YJC/lib/cmocka-1.1.0/build/CMakeFiles/CMakeTmp

Run Build Command(s):/bin/gmake -f Makefile cmTC_6bebd/fast && /bin/gmake  -f CMakeFiles/cmTC_6bebd.dir/build.make CMakeFiles/cmTC_6bebd.dir/build
gmake[1]: Entering directory '/home/liyj/code/YJC/lib/cmocka-1.1.0/build/CMakeFiles/CMakeTmp'
Building C object CMakeFiles/cmTC_6bebd.dir/CheckFunctionExists.c.o
/bin/cc   -std=gnu99 -pedantic -pedantic-errors -Wall -Wextra -Wshadow -Wmissing-prototypes -Wdeclaration-after-statement -Wunused -Wfloat-equal -Wpointer-arith -Wwrite-strings -Wformat-security -Wmissing-format-attribute -Wundef -fPIC -fstack-protector -D_GNU_SOURCE -D_LARGEFILE64_SOURCE -DCHECK_FUNCTION_EXISTS=memcpy -o CMakeFiles/cmTC_6bebd.dir/CheckFunctionExists.c.o -c /usr/share/cmake/Modules/CheckFunctionExists.c
<command-line>: warning: conflicting types for built-in function ‘memcpy’ [-Wbuiltin-declaration-mismatch]
/usr/share/cmake/Modules/CheckFunctionExists.c:7:3: note: in expansion of macro ‘CHECK_FUNCTION_EXISTS’
   CHECK_FUNCTION_EXISTS(void);
   ^~~~~~~~~~~~~~~~~~~~~
Linking C executable cmTC_6bebd
/usr/bin/cmake -E cmake_link_script CMakeFiles/cmTC_6bebd.dir/link.txt --verbose=1
/bin/cc  -std=gnu99 -pedantic -pedantic-errors -Wall -Wextra -Wshadow -Wmissing-prototypes -Wdeclaration-after-statement -Wunused -Wfloat-equal -Wpointer-arith -Wwrite-strings -Wformat-security -Wmissing-format-attribute -Wundef -fPIC -fstack-protector -D_GNU_SOURCE -D_LARGEFILE64_SOURCE -DCHECK_FUNCTION_EXISTS=memcpy -rdynamic CMakeFiles/cmTC_6bebd.dir/CheckFunctionExists.c.o -o cmTC_6bebd 
gmake[1]: Leaving directory '/home/liyj/code/YJC/lib/cmocka-1.1.0/build/CMakeFiles/CMakeTmp'



Determining if the function memset exists passed with the following output:
Change Dir: /home/liyj/code/YJC/lib/cmocka-1.1.0/build/CMakeFiles/CMakeTmp

Run Build Command(s):/bin/gmake -f Makefile cmTC_31eb2/fast && /bin/gmake  -f CMakeFiles/cmTC_31eb2.dir/build.make CMakeFiles/cmTC_31eb2.dir/build
gmake[1]: Entering directory '/home/liyj/code/YJC/lib/cmocka-1.1.0/build/CMakeFiles/CMakeTmp'
Building C object CMakeFiles/cmTC_31eb2.dir/CheckFunctionExists.c.o
/bin/cc   -std=gnu99 -pedantic -pedantic-errors -Wall -Wextra -Wshadow -Wmissing-prototypes -Wdeclaration-after-statement -Wunused -Wfloat-equal -Wpointer-arith -Wwrite-strings -Wformat-security -Wmissing-format-attribute -Wundef -fPIC -fstack-protector -D_GNU_SOURCE -D_LARGEFILE64_SOURCE -DCHECK_FUNCTION_EXISTS=memset -o CMakeFiles/cmTC_31eb2.dir/CheckFunctionExists.c.o -c /usr/share/cmake/Modules/CheckFunctionExists.c
<command-line>: warning: conflicting types for built-in function ‘memset’ [-Wbuiltin-declaration-mismatch]
/usr/share/cmake/Modules/CheckFunctionExists.c:7:3: note: in expansion of macro ‘CHECK_FUNCTION_EXISTS’
   CHECK_FUNCTION_EXISTS(void);
   ^~~~~~~~~~~~~~~~~~~~~
Linking C executable cmTC_31eb2
/usr/bin/cmake -E cmake_link_script CMakeFiles/cmTC_31eb2.dir/link.txt --verbose=1
/bin/cc  -std=gnu99 -pedantic -pedantic-errors -Wall -Wextra -Wshadow -Wmissing-prototypes -Wdeclaration-after-statement -Wunused -Wfloat-equal -Wpointer-arith -Wwrite-strings -Wformat-security -Wmissing-format-attribute -Wundef -fPIC -fstack-protector -D_GNU_SOURCE -D_LARGEFILE64_SOURCE -DCHECK_FUNCTION_EXISTS=memset -rdynamic CMakeFiles/cmTC_31eb2.dir/CheckFunctionExists.c.o -o cmTC_31eb2 
gmake[1]: Leaving directory '/home/liyj/code/YJC/lib/cmocka-1.1.0/build/CMakeFiles/CMakeTmp'



Determining if the function printf exists passed with the following output:
Change Dir: /home/liyj/code/YJC/lib/cmocka-1.1.0/build/CMakeFiles/CMakeTmp

Run Build Command(s):/bin/gmake -f Makefile cmTC_58261/fast && /bin/gmake  -f CMakeFiles/cmTC_58261.dir/build.make CMakeFiles/cmTC_58261.dir/build
gmake[1]: Entering directory '/home/liyj/code/YJC/lib/cmocka-1.1.0/build/CMakeFiles/CMakeTmp'
Building C object CMakeFiles/cmTC_58261.dir/CheckFunctionExists.c.o
/bin/cc   -std=gnu99 -pedantic -pedantic-errors -Wall -Wextra -Wshadow -Wmissing-prototypes -Wdeclaration-after-statement -Wunused -Wfloat-equal -Wpointer-arith -Wwrite-strings -Wformat-security -Wmissing-format-attribute -Wundef -fPIC -fstack-protector -D_GNU_SOURCE -D_LARGEFILE64_SOURCE -DCHECK_FUNCTION_EXISTS=printf -o CMakeFiles/cmTC_58261.dir/CheckFunctionExists.c.o -c /usr/share/cmake/Modules/CheckFunctionExists.c
<command-line>: warning: conflicting types for built-in function ‘printf’ [-Wbuiltin-declaration-mismatch]
/usr/share/cmake/Modules/CheckFunctionExists.c:7:3: note: in expansion of macro ‘CHECK_FUNCTION_EXISTS’
   CHECK_FUNCTION_EXISTS(void);
   ^~~~~~~~~~~~~~~~~~~~~
Linking C executable cmTC_58261
/usr/bin/cmake -E cmake_link_script CMakeFiles/cmTC_58261.dir/link.txt --verbose=1
/bin/cc  -std=gnu99 -pedantic -pedantic-errors -Wall -Wextra -Wshadow -Wmissing-prototypes -Wdeclaration-after-statement -Wunused -Wfloat-equal -Wpointer-arith -Wwrite-strings -Wformat-security -Wmissing-format-attribute -Wundef -fPIC -fstack-protector -D_GNU_SOURCE -D_LARGEFILE64_SOURCE -DCHECK_FUNCTION_EXISTS=printf -rdynamic CMakeFiles/cmTC_58261.dir/CheckFunctionExists.c.o -o cmTC_58261 
gmake[1]: Leaving directory '/home/liyj/code/YJC/lib/cmocka-1.1.0/build/CMakeFiles/CMakeTmp'



Determining if the function setjmp exists passed with the following output:
Change Dir: /home/liyj/code/YJC/lib/cmocka-1.1.0/build/CMakeFiles/CMakeTmp

Run Build Command(s):/bin/gmake -f Makefile cmTC_a889e/fast && /bin/gmake  -f CMakeFiles/cmTC_a889e.dir/build.make CMakeFiles/cmTC_a889e.dir/build
gmake[1]: Entering directory '/home/liyj/code/YJC/lib/cmocka-1.1.0/build/CMakeFiles/CMakeTmp'
Building C object CMakeFiles/cmTC_a889e.dir/CheckFunctionExists.c.o
/bin/cc   -std=gnu99 -pedantic -pedantic-errors -Wall -Wextra -Wshadow -Wmissing-prototypes -Wdeclaration-after-statement -Wunused -Wfloat-equal -Wpointer-arith -Wwrite-strings -Wformat-security -Wmissing-format-attribute -Wundef -fPIC -fstack-protector -D_GNU_SOURCE -D_LARGEFILE64_SOURCE -DCHECK_FUNCTION_EXISTS=setjmp -o CMakeFiles/cmTC_a889e.dir/CheckFunctionExists.c.o -c /usr/share/cmake/Modules/CheckFunctionExists.c
Linking C executable cmTC_a889e
/usr/bin/cmake -E cmake_link_script CMakeFiles/cmTC_a889e.dir/link.txt --verbose=1
/bin/cc  -std=gnu99 -pedantic -pedantic-errors -Wall -Wextra -Wshadow -Wmissing-prototypes -Wdeclaration-after-statement -Wunused -Wfloat-equal -Wpointer-arith -Wwrite-strings -Wformat-security -Wmissing-format-attribute -Wundef -fPIC -fstack-protector -D_GNU_SOURCE -D_LARGEFILE64_SOURCE -DCHECK_FUNCTION_EXISTS=setjmp -rdynamic CMakeFiles/cmTC_a889e.dir/CheckFunctionExists.c.o -o cmTC_a889e 
gmake[1]: Leaving directory '/home/liyj/code/YJC/lib/cmocka-1.1.0/build/CMakeFiles/CMakeTmp'



Determining if the function signal exists passed with the following output:
Change Dir: /home/liyj/code/YJC/lib/cmocka-1.1.0/build/CMakeFiles/CMakeTmp

Run Build Command(s):/bin/gmake -f Makefile cmTC_d371f/fast && /bin/gmake  -f CMakeFiles/cmTC_d371f.dir/build.make CMakeFiles/cmTC_d371f.dir/build
gmake[1]: Entering directory '/home/liyj/code/YJC/lib/cmocka-1.1.0/build/CMakeFiles/CMakeTmp'
Building C object CMakeFiles/cmTC_d371f.dir/CheckFunctionExists.c.o
/bin/cc   -std=gnu99 -pedantic -pedantic-errors -Wall -Wextra -Wshadow -Wmissing-prototypes -Wdeclaration-after-statement -Wunused -Wfloat-equal -Wpointer-arith -Wwrite-strings -Wformat-security -Wmissing-format-attribute -Wundef -fPIC -fstack-protector -D_GNU_SOURCE -D_LARGEFILE64_SOURCE -DCHECK_FUNCTION_EXISTS=signal -o CMakeFiles/cmTC_d371f.dir/CheckFunctionExists.c.o -c /usr/share/cmake/Modules/CheckFunctionExists.c
Linking C executable cmTC_d371f
/usr/bin/cmake -E cmake_link_script CMakeFiles/cmTC_d371f.dir/link.txt --verbose=1
/bin/cc  -std=gnu99 -pedantic -pedantic-errors -Wall -Wextra -Wshadow -Wmissing-prototypes -Wdeclaration-after-statement -Wunused -Wfloat-equal -Wpointer-arith -Wwrite-strings -Wformat-security -Wmissing-format-attribute -Wundef -fPIC -fstack-protector -D_GNU_SOURCE -D_LARGEFILE64_SOURCE -DCHECK_FUNCTION_EXISTS=signal -rdynamic CMakeFiles/cmTC_d371f.dir/CheckFunctionExists.c.o -o cmTC_d371f 
gmake[1]: Leaving directory '/home/liyj/code/YJC/lib/cmocka-1.1.0/build/CMakeFiles/CMakeTmp'



Determining if the function strsignal exists passed with the following output:
Change Dir: /home/liyj/code/YJC/lib/cmocka-1.1.0/build/CMakeFiles/CMakeTmp

Run Build Command(s):/bin/gmake -f Makefile cmTC_42a67/fast && /bin/gmake  -f CMakeFiles/cmTC_42a67.dir/build.make CMakeFiles/cmTC_42a67.dir/build
gmake[1]: Entering directory '/home/liyj/code/YJC/lib/cmocka-1.1.0/build/CMakeFiles/CMakeTmp'
Building C object CMakeFiles/cmTC_42a67.dir/CheckFunctionExists.c.o
/bin/cc   -std=gnu99 -pedantic -pedantic-errors -Wall -Wextra -Wshadow -Wmissing-prototypes -Wdeclaration-after-statement -Wunused -Wfloat-equal -Wpointer-arith -Wwrite-strings -Wformat-security -Wmissing-format-attribute -Wundef -fPIC -fstack-protector -D_GNU_SOURCE -D_LARGEFILE64_SOURCE -DCHECK_FUNCTION_EXISTS=strsignal -o CMakeFiles/cmTC_42a67.dir/CheckFunctionExists.c.o -c /usr/share/cmake/Modules/CheckFunctionExists.c
Linking C executable cmTC_42a67
/usr/bin/cmake -E cmake_link_script CMakeFiles/cmTC_42a67.dir/link.txt --verbose=1
/bin/cc  -std=gnu99 -pedantic -pedantic-errors -Wall -Wextra -Wshadow -Wmissing-prototypes -Wdeclaration-after-statement -Wunused -Wfloat-equal -Wpointer-arith -Wwrite-strings -Wformat-security -Wmissing-format-attribute -Wundef -fPIC -fstack-protector -D_GNU_SOURCE -D_LARGEFILE64_SOURCE -DCHECK_FUNCTION_EXISTS=strsignal -rdynamic CMakeFiles/cmTC_42a67.dir/CheckFunctionExists.c.o -o cmTC_42a67 
gmake[1]: Leaving directory '/home/liyj/code/YJC/lib/cmocka-1.1.0/build/CMakeFiles/CMakeTmp'



Determining if the function strcmp exists passed with the following output:
Change Dir: /home/liyj/code/YJC/lib/cmocka-1.1.0/build/CMakeFiles/CMakeTmp

Run Build Command(s):/bin/gmake -f Makefile cmTC_e1260/fast && /bin/gmake  -f CMakeFiles/cmTC_e1260.dir/build.make CMakeFiles/cmTC_e1260.dir/build
gmake[1]: Entering directory '/home/liyj/code/YJC/lib/cmocka-1.1.0/build/CMakeFiles/CMakeTmp'
Building C object CMakeFiles/cmTC_e1260.dir/CheckFunctionExists.c.o
/bin/cc   -std=gnu99 -pedantic -pedantic-errors -Wall -Wextra -Wshadow -Wmissing-prototypes -Wdeclaration-after-statement -Wunused -Wfloat-equal -Wpointer-arith -Wwrite-strings -Wformat-security -Wmissing-format-attribute -Wundef -fPIC -fstack-protector -D_GNU_SOURCE -D_LARGEFILE64_SOURCE -DCHECK_FUNCTION_EXISTS=strcmp -o CMakeFiles/cmTC_e1260.dir/CheckFunctionExists.c.o -c /usr/share/cmake/Modules/CheckFunctionExists.c
<command-line>: warning: conflicting types for built-in function ‘strcmp’ [-Wbuiltin-declaration-mismatch]
/usr/share/cmake/Modules/CheckFunctionExists.c:7:3: note: in expansion of macro ‘CHECK_FUNCTION_EXISTS’
   CHECK_FUNCTION_EXISTS(void);
   ^~~~~~~~~~~~~~~~~~~~~
Linking C executable cmTC_e1260
/usr/bin/cmake -E cmake_link_script CMakeFiles/cmTC_e1260.dir/link.txt --verbose=1
/bin/cc  -std=gnu99 -pedantic -pedantic-errors -Wall -Wextra -Wshadow -Wmissing-prototypes -Wdeclaration-after-statement -Wunused -Wfloat-equal -Wpointer-arith -Wwrite-strings -Wformat-security -Wmissing-format-attribute -Wundef -fPIC -fstack-protector -D_GNU_SOURCE -D_LARGEFILE64_SOURCE -DCHECK_FUNCTION_EXISTS=strcmp -rdynamic CMakeFiles/cmTC_e1260.dir/CheckFunctionExists.c.o -o cmTC_e1260 
gmake[1]: Leaving directory '/home/liyj/code/YJC/lib/cmocka-1.1.0/build/CMakeFiles/CMakeTmp'



Determining if the function clock_gettime exists passed with the following output:
Change Dir: /home/liyj/code/YJC/lib/cmocka-1.1.0/build/CMakeFiles/CMakeTmp

Run Build Command(s):/bin/gmake -f Makefile cmTC_3e874/fast && /bin/gmake  -f CMakeFiles/cmTC_3e874.dir/build.make CMakeFiles/cmTC_3e874.dir/build
gmake[1]: Entering directory '/home/liyj/code/YJC/lib/cmocka-1.1.0/build/CMakeFiles/CMakeTmp'
Building C object CMakeFiles/cmTC_3e874.dir/CheckFunctionExists.c.o
/bin/cc   -std=gnu99 -pedantic -pedantic-errors -Wall -Wextra -Wshadow -Wmissing-prototypes -Wdeclaration-after-statement -Wunused -Wfloat-equal -Wpointer-arith -Wwrite-strings -Wformat-security -Wmissing-format-attribute -Wundef -fPIC -fstack-protector -D_GNU_SOURCE -D_LARGEFILE64_SOURCE -DCHECK_FUNCTION_EXISTS=clock_gettime -o CMakeFiles/cmTC_3e874.dir/CheckFunctionExists.c.o -c /usr/share/cmake/Modules/CheckFunctionExists.c
Linking C executable cmTC_3e874
/usr/bin/cmake -E cmake_link_script CMakeFiles/cmTC_3e874.dir/link.txt --verbose=1
/bin/cc  -std=gnu99 -pedantic -pedantic-errors -Wall -Wextra -Wshadow -Wmissing-prototypes -Wdeclaration-after-statement -Wunused -Wfloat-equal -Wpointer-arith -Wwrite-strings -Wformat-security -Wmissing-format-attribute -Wundef -fPIC -fstack-protector -D_GNU_SOURCE -D_LARGEFILE64_SOURCE -DCHECK_FUNCTION_EXISTS=clock_gettime -rdynamic CMakeFiles/cmTC_3e874.dir/CheckFunctionExists.c.o -o cmTC_3e874 
gmake[1]: Leaving directory '/home/liyj/code/YJC/lib/cmocka-1.1.0/build/CMakeFiles/CMakeTmp'



Determining if the function sprintf exists passed with the following output:
Change Dir: /home/liyj/code/YJC/lib/cmocka-1.1.0/build/CMakeFiles/CMakeTmp

Run Build Command(s):/bin/gmake -f Makefile cmTC_60016/fast && /bin/gmake  -f CMakeFiles/cmTC_60016.dir/build.make CMakeFiles/cmTC_60016.dir/build
gmake[1]: Entering directory '/home/liyj/code/YJC/lib/cmocka-1.1.0/build/CMakeFiles/CMakeTmp'
Building C object CMakeFiles/cmTC_60016.dir/CheckFunctionExists.c.o
/bin/cc   -std=gnu99 -pedantic -pedantic-errors -Wall -Wextra -Wshadow -Wmissing-prototypes -Wdeclaration-after-statement -Wunused -Wfloat-equal -Wpointer-arith -Wwrite-strings -Wformat-security -Wmissing-format-attribute -Wundef -fPIC -fstack-protector -D_GNU_SOURCE -D_LARGEFILE64_SOURCE -DCHECK_FUNCTION_EXISTS=sprintf -o CMakeFiles/cmTC_60016.dir/CheckFunctionExists.c.o -c /usr/share/cmake/Modules/CheckFunctionExists.c
<command-line>: warning: conflicting types for built-in function ‘sprintf’ [-Wbuiltin-declaration-mismatch]
/usr/share/cmake/Modules/CheckFunctionExists.c:7:3: note: in expansion of macro ‘CHECK_FUNCTION_EXISTS’
   CHECK_FUNCTION_EXISTS(void);
   ^~~~~~~~~~~~~~~~~~~~~
Linking C executable cmTC_60016
/usr/bin/cmake -E cmake_link_script CMakeFiles/cmTC_60016.dir/link.txt --verbose=1
/bin/cc  -std=gnu99 -pedantic -pedantic-errors -Wall -Wextra -Wshadow -Wmissing-prototypes -Wdeclaration-after-statement -Wunused -Wfloat-equal -Wpointer-arith -Wwrite-strings -Wformat-security -Wmissing-format-attribute -Wundef -fPIC -fstack-protector -D_GNU_SOURCE -D_LARGEFILE64_SOURCE -DCHECK_FUNCTION_EXISTS=sprintf -rdynamic CMakeFiles/cmTC_60016.dir/CheckFunctionExists.c.o -o cmTC_60016 
gmake[1]: Leaving directory '/home/liyj/code/YJC/lib/cmocka-1.1.0/build/CMakeFiles/CMakeTmp'



Determining if the function vsnprintf exists passed with the following output:
Change Dir: /home/liyj/code/YJC/lib/cmocka-1.1.0/build/CMakeFiles/CMakeTmp

Run Build Command(s):/bin/gmake -f Makefile cmTC_2183d/fast && /bin/gmake  -f CMakeFiles/cmTC_2183d.dir/build.make CMakeFiles/cmTC_2183d.dir/build
gmake[1]: Entering directory '/home/liyj/code/YJC/lib/cmocka-1.1.0/build/CMakeFiles/CMakeTmp'
Building C object CMakeFiles/cmTC_2183d.dir/CheckFunctionExists.c.o
/bin/cc   -std=gnu99 -pedantic -pedantic-errors -Wall -Wextra -Wshadow -Wmissing-prototypes -Wdeclaration-after-statement -Wunused -Wfloat-equal -Wpointer-arith -Wwrite-strings -Wformat-security -Wmissing-format-attribute -Wundef -fPIC -fstack-protector -D_GNU_SOURCE -D_LARGEFILE64_SOURCE -DCHECK_FUNCTION_EXISTS=vsnprintf -o CMakeFiles/cmTC_2183d.dir/CheckFunctionExists.c.o -c /usr/share/cmake/Modules/CheckFunctionExists.c
<command-line>: warning: conflicting types for built-in function ‘vsnprintf’ [-Wbuiltin-declaration-mismatch]
/usr/share/cmake/Modules/CheckFunctionExists.c:7:3: note: in expansion of macro ‘CHECK_FUNCTION_EXISTS’
   CHECK_FUNCTION_EXISTS(void);
   ^~~~~~~~~~~~~~~~~~~~~
Linking C executable cmTC_2183d
/usr/bin/cmake -E cmake_link_script CMakeFiles/cmTC_2183d.dir/link.txt --verbose=1
/bin/cc  -std=gnu99 -pedantic -pedantic-errors -Wall -Wextra -Wshadow -Wmissing-prototypes -Wdeclaration-after-statement -Wunused -Wfloat-equal -Wpointer-arith -Wwrite-strings -Wformat-security -Wmissing-format-attribute -Wundef -fPIC -fstack-protector -D_GNU_SOURCE -D_LARGEFILE64_SOURCE -DCHECK_FUNCTION_EXISTS=vsnprintf -rdynamic CMakeFiles/cmTC_2183d.dir/CheckFunctionExists.c.o -o cmTC_2183d 
gmake[1]: Leaving directory '/home/liyj/code/YJC/lib/cmocka-1.1.0/build/CMakeFiles/CMakeTmp'



Performing C SOURCE FILE Test HAVE_GCC_THREAD_LOCAL_STORAGE succeeded with the following output:
Change Dir: /home/liyj/code/YJC/lib/cmocka-1.1.0/build/CMakeFiles/CMakeTmp

Run Build Command(s):/bin/gmake -f Makefile cmTC_4c169/fast && /bin/gmake  -f CMakeFiles/cmTC_4c169.dir/build.make CMakeFiles/cmTC_4c169.dir/build
gmake[1]: Entering directory '/home/liyj/code/YJC/lib/cmocka-1.1.0/build/CMakeFiles/CMakeTmp'
Building C object CMakeFiles/cmTC_4c169.dir/src.c.o
/bin/cc -DHAVE_GCC_THREAD_LOCAL_STORAGE  -std=gnu99 -pedantic -pedantic-errors -Wall -Wextra -Wshadow -Wmissing-prototypes -Wdeclaration-after-statement -Wunused -Wfloat-equal -Wpointer-arith -Wwrite-strings -Wformat-security -Wmissing-format-attribute -Wundef -fPIC -fstack-protector -D_GNU_SOURCE -D_LARGEFILE64_SOURCE  -o CMakeFiles/cmTC_4c169.dir/src.c.o -c /home/liyj/code/YJC/lib/cmocka-1.1.0/build/CMakeFiles/CMakeTmp/src.c
Linking C executable cmTC_4c169
/usr/bin/cmake -E cmake_link_script CMakeFiles/cmTC_4c169.dir/link.txt --verbose=1
/bin/cc  -std=gnu99 -pedantic -pedantic-errors -Wall -Wextra -Wshadow -Wmissing-prototypes -Wdeclaration-after-statement -Wunused -Wfloat-equal -Wpointer-arith -Wwrite-strings -Wformat-security -Wmissing-format-attribute -Wundef -fPIC -fstack-protector -D_GNU_SOURCE -D_LARGEFILE64_SOURCE  -rdynamic CMakeFiles/cmTC_4c169.dir/src.c.o -o cmTC_4c169 
gmake[1]: Leaving directory '/home/liyj/code/YJC/lib/cmocka-1.1.0/build/CMakeFiles/CMakeTmp'


Source file was:

__thread int tls;

int main(void) {
    return 0;
}
Performing C SOURCE FILE Test HAVE_CLOCK_GETTIME_REALTIME succeeded with the following output:
Change Dir: /home/liyj/code/YJC/lib/cmocka-1.1.0/build/CMakeFiles/CMakeTmp

Run Build Command(s):/bin/gmake -f Makefile cmTC_a42f7/fast && /bin/gmake  -f CMakeFiles/cmTC_a42f7.dir/build.make CMakeFiles/cmTC_a42f7.dir/build
gmake[1]: Entering directory '/home/liyj/code/YJC/lib/cmocka-1.1.0/build/CMakeFiles/CMakeTmp'
Building C object CMakeFiles/cmTC_a42f7.dir/src.c.o
/bin/cc -DHAVE_CLOCK_GETTIME_REALTIME  -std=gnu99 -pedantic -pedantic-errors -Wall -Wextra -Wshadow -Wmissing-prototypes -Wdeclaration-after-statement -Wunused -Wfloat-equal -Wpointer-arith -Wwrite-strings -Wformat-security -Wmissing-format-attribute -Wundef -fPIC -fstack-protector -D_GNU_SOURCE -D_LARGEFILE64_SOURCE  -o CMakeFiles/cmTC_a42f7.dir/src.c.o -c /home/liyj/code/YJC/lib/cmocka-1.1.0/build/CMakeFiles/CMakeTmp/src.c
Linking C executable cmTC_a42f7
/usr/bin/cmake -E cmake_link_script CMakeFiles/cmTC_a42f7.dir/link.txt --verbose=1
/bin/cc  -std=gnu99 -pedantic -pedantic-errors -Wall -Wextra -Wshadow -Wmissing-prototypes -Wdeclaration-after-statement -Wunused -Wfloat-equal -Wpointer-arith -Wwrite-strings -Wformat-security -Wmissing-format-attribute -Wundef -fPIC -fstack-protector -D_GNU_SOURCE -D_LARGEFILE64_SOURCE  -rdynamic CMakeFiles/cmTC_a42f7.dir/src.c.o -o cmTC_a42f7  /usr/lib64/librt.so 
gmake[1]: Leaving directory '/home/liyj/code/YJC/lib/cmocka-1.1.0/build/CMakeFiles/CMakeTmp'


Source file was:

#include <time.h>

int main(void) {
    struct timespec ts;

    clock_gettime(CLOCK_REALTIME, &ts);

    return 0;
}
